\BOOKMARK [1][-]{section.1}{Introduction}{}% 1
\BOOKMARK [1][-]{section.2}{Getting started}{}% 2
\BOOKMARK [2][-]{subsection.2.1}{Packages}{section.2}% 3
\BOOKMARK [2][-]{subsection.2.2}{Dataset \(CO2-Concentrations\)}{section.2}% 4
\BOOKMARK [2][-]{subsection.2.3}{Dataset Visualization}{section.2}% 5
\BOOKMARK [3][-]{subsubsection.2.3.1}{Histogram \046 QQ-Plot}{subsection.2.3}% 6
\BOOKMARK [3][-]{subsubsection.2.3.2}{Plotting the fitted values}{subsection.2.3}% 7
\BOOKMARK [2][-]{subsection.2.4}{Dataset Transformation}{section.2}% 8
\BOOKMARK [2][-]{subsection.2.5}{Time-Series Visualization}{section.2}% 9
\BOOKMARK [3][-]{subsubsection.2.5.1}{Time-Series Plot}{subsection.2.5}% 10
\BOOKMARK [3][-]{subsubsection.2.5.2}{ACF, PACF, SPECTRUM}{subsection.2.5}% 11
\BOOKMARK [1][-]{section.3}{Decomposition of Time Series}{}% 12
\BOOKMARK [2][-]{subsection.3.1}{Decomposing Seasonal Data}{section.3}% 13
\BOOKMARK [2][-]{subsection.3.2}{Decomposing Non-Seasonal Data \(Annual Flow Of The River Nile\)}{section.3}% 14
\BOOKMARK [1][-]{section.4}{Modelling the time series}{}% 15
\BOOKMARK [1][-]{section.5}{Forecasts}{}% 16
\BOOKMARK [2][-]{subsection.5.1}{Holt-Winters Exponential Smoothing}{section.5}% 17
\BOOKMARK [2][-]{subsection.5.2}{Seasonal Decomposition of Time Series by Loess}{section.5}% 18
\BOOKMARK [2][-]{subsection.5.3}{ARIMA Models}{section.5}% 19
\BOOKMARK [2][-]{subsection.5.4}{Selecting a Candidate ARIMA Model}{section.5}% 20
\BOOKMARK [2][-]{subsection.5.5}{Forecasting Using an ARIMA Model}{section.5}% 21
\BOOKMARK [1][-]{section.6}{Links and Further Reading}{}% 22
\BOOKMARK [1][-]{section.7}{Acknowledgements}{}% 23
