This is pdfTeX, Version 3.1415926-2.5-1.40.14 (MiKTeX 2.9) (preloaded format=pdflatex 2014.11.28)  28 NOV 2014 19:11
entering extended mode
**FINAL_VERSION.tex

(\\csrv05\public$\Elenamarlene\BestpracticeR\timeseries\FINAL_VERSION\FINAL_VER
SION.tex
LaTeX2e <2011/06/27>
Babel <v3.8m> and hyphenation patterns for english, afrikaans, ancientgreek, ar
abic, armenian, assamese, basque, bengali, bokmal, bulgarian, catalan, coptic, 
croatian, czech, danish, dutch, esperanto, estonian, farsi, finnish, french, ga
lician, german, german-x-2013-05-26, greek, gujarati, hindi, hungarian, iceland
ic, indonesian, interlingua, irish, italian, kannada, kurmanji, latin, latvian,
 lithuanian, malayalam, marathi, mongolian, mongolianlmc, monogreek, ngerman, n
german-x-2013-05-26, nynorsk, oriya, panjabi, pinyin, polish, portuguese, roman
ian, russian, sanskrit, serbian, slovak, slovenian, spanish, swedish, swissgerm
an, tamil, telugu, turkish, turkmen, ukenglish, ukrainian, uppersorbian, usengl
ishmax, welsh, loaded.
("C:\Program Files\MiKTeX 2.9\tex\latex\base\article.cls"
Document Class: article 2007/10/19 v1.4h Standard LaTeX document class
("C:\Program Files\MiKTeX 2.9\tex\latex\base\size10.clo"
File: size10.clo 2007/10/19 v1.4h Standard LaTeX file (size option)
)
\c@part=\count79
\c@section=\count80
\c@subsection=\count81
\c@subsubsection=\count82
\c@paragraph=\count83
\c@subparagraph=\count84
\c@figure=\count85
\c@table=\count86
\abovecaptionskip=\skip41
\belowcaptionskip=\skip42
\bibindent=\dimen102
)
("C:\Program Files\MiKTeX 2.9\tex\latex\float\float.sty"
Package: float 2001/11/08 v1.3d Float enhancements (AL)
\c@float@type=\count87
\float@exts=\toks14
\float@box=\box26
\@float@everytoks=\toks15
\@floatcapt=\box27
)
(C:\Users\en.student\AppData\Roaming\MiKTeX\2.9\tex\latex\csquotes\csquotes.sty
Package: csquotes 2011/10/22 v5.1d context-sensitive quotations

(C:\Users\en.student\AppData\Roaming\MiKTeX\2.9\tex\latex\etoolbox\etoolbox.sty
Package: etoolbox 2011/01/03 v2.1 e-TeX tools for LaTeX
("C:\Program Files\MiKTeX 2.9\tex\latex\misc\etex.sty"
Package: etex 1998/03/26 v2.0 eTeX basic definition package (PEB)
\et@xins=\count88
)
\etb@tempcnta=\count89
)
("C:\Program Files\MiKTeX 2.9\tex\latex\graphics\keyval.sty"
Package: keyval 1999/03/16 v1.13 key=value parser (DPC)
\KV@toks@=\toks16
)
\csq@reset=\count90
\csq@gtype=\count91
\csq@glevel=\count92
\csq@qlevel=\count93
\csq@maxlvl=\count94
\csq@tshold=\count95
\csq@ltx@everypar=\toks17

(C:\Users\en.student\AppData\Roaming\MiKTeX\2.9\tex\latex\csquotes\csquotes.def
File: csquotes.def 2011/10/22 v5.1d csquotes generic definitions
)
Package csquotes Info: Trying to load configuration file 'csquotes.cfg'...
Package csquotes Info: ... configuration file loaded successfully.

(C:\Users\en.student\AppData\Roaming\MiKTeX\2.9\tex\latex\csquotes\csquotes.cfg
File: csquotes.cfg 
)
Package csquotes Info: Option 'babel' depreciated.
(csquotes)             Using 'autostyle'.
Package csquotes Info: Enabling multilingual quotes.
Package csquotes Info: Redefining alias 'german' -> 'german/quotes'.
) ("C:\Program Files\MiKTeX 2.9\tex\latex\base\inputenc.sty"
Package: inputenc 2008/03/30 v1.1d Input encoding file
\inpenc@prehook=\toks18
\inpenc@posthook=\toks19

("C:\Program Files\MiKTeX 2.9\tex\latex\base\utf8.def"
File: utf8.def 2008/04/05 v1.1m UTF-8 support for inputenc
Now handling font encoding OML ...
... no UTF-8 mapping file for font encoding OML
Now handling font encoding T1 ...
... processing UTF-8 mapping file for font encoding T1

("C:\Program Files\MiKTeX 2.9\tex\latex\base\t1enc.dfu"
File: t1enc.dfu 2008/04/05 v1.1m UTF-8 support for inputenc
   defining Unicode char U+00A1 (decimal 161)
   defining Unicode char U+00A3 (decimal 163)
   defining Unicode char U+00AB (decimal 171)
   defining Unicode char U+00BB (decimal 187)
   defining Unicode char U+00BF (decimal 191)
   defining Unicode char U+00C0 (decimal 192)
   defining Unicode char U+00C1 (decimal 193)
   defining Unicode char U+00C2 (decimal 194)
   defining Unicode char U+00C3 (decimal 195)
   defining Unicode char U+00C4 (decimal 196)
   defining Unicode char U+00C5 (decimal 197)
   defining Unicode char U+00C6 (decimal 198)
   defining Unicode char U+00C7 (decimal 199)
   defining Unicode char U+00C8 (decimal 200)
   defining Unicode char U+00C9 (decimal 201)
   defining Unicode char U+00CA (decimal 202)
   defining Unicode char U+00CB (decimal 203)
   defining Unicode char U+00CC (decimal 204)
   defining Unicode char U+00CD (decimal 205)
   defining Unicode char U+00CE (decimal 206)
   defining Unicode char U+00CF (decimal 207)
   defining Unicode char U+00D0 (decimal 208)
   defining Unicode char U+00D1 (decimal 209)
   defining Unicode char U+00D2 (decimal 210)
   defining Unicode char U+00D3 (decimal 211)
   defining Unicode char U+00D4 (decimal 212)
   defining Unicode char U+00D5 (decimal 213)
   defining Unicode char U+00D6 (decimal 214)
   defining Unicode char U+00D8 (decimal 216)
   defining Unicode char U+00D9 (decimal 217)
   defining Unicode char U+00DA (decimal 218)
   defining Unicode char U+00DB (decimal 219)
   defining Unicode char U+00DC (decimal 220)
   defining Unicode char U+00DD (decimal 221)
   defining Unicode char U+00DE (decimal 222)
   defining Unicode char U+00DF (decimal 223)
   defining Unicode char U+00E0 (decimal 224)
   defining Unicode char U+00E1 (decimal 225)
   defining Unicode char U+00E2 (decimal 226)
   defining Unicode char U+00E3 (decimal 227)
   defining Unicode char U+00E4 (decimal 228)
   defining Unicode char U+00E5 (decimal 229)
   defining Unicode char U+00E6 (decimal 230)
   defining Unicode char U+00E7 (decimal 231)
   defining Unicode char U+00E8 (decimal 232)
   defining Unicode char U+00E9 (decimal 233)
   defining Unicode char U+00EA (decimal 234)
   defining Unicode char U+00EB (decimal 235)
   defining Unicode char U+00EC (decimal 236)
   defining Unicode char U+00ED (decimal 237)
   defining Unicode char U+00EE (decimal 238)
   defining Unicode char U+00EF (decimal 239)
   defining Unicode char U+00F0 (decimal 240)
   defining Unicode char U+00F1 (decimal 241)
   defining Unicode char U+00F2 (decimal 242)
   defining Unicode char U+00F3 (decimal 243)
   defining Unicode char U+00F4 (decimal 244)
   defining Unicode char U+00F5 (decimal 245)
   defining Unicode char U+00F6 (decimal 246)
   defining Unicode char U+00F8 (decimal 248)
   defining Unicode char U+00F9 (decimal 249)
   defining Unicode char U+00FA (decimal 250)
   defining Unicode char U+00FB (decimal 251)
   defining Unicode char U+00FC (decimal 252)
   defining Unicode char U+00FD (decimal 253)
   defining Unicode char U+00FE (decimal 254)
   defining Unicode char U+00FF (decimal 255)
   defining Unicode char U+0102 (decimal 258)
   defining Unicode char U+0103 (decimal 259)
   defining Unicode char U+0104 (decimal 260)
   defining Unicode char U+0105 (decimal 261)
   defining Unicode char U+0106 (decimal 262)
   defining Unicode char U+0107 (decimal 263)
   defining Unicode char U+010C (decimal 268)
   defining Unicode char U+010D (decimal 269)
   defining Unicode char U+010E (decimal 270)
   defining Unicode char U+010F (decimal 271)
   defining Unicode char U+0110 (decimal 272)
   defining Unicode char U+0111 (decimal 273)
   defining Unicode char U+0118 (decimal 280)
   defining Unicode char U+0119 (decimal 281)
   defining Unicode char U+011A (decimal 282)
   defining Unicode char U+011B (decimal 283)
   defining Unicode char U+011E (decimal 286)
   defining Unicode char U+011F (decimal 287)
   defining Unicode char U+0130 (decimal 304)
   defining Unicode char U+0131 (decimal 305)
   defining Unicode char U+0132 (decimal 306)
   defining Unicode char U+0133 (decimal 307)
   defining Unicode char U+0139 (decimal 313)
   defining Unicode char U+013A (decimal 314)
   defining Unicode char U+013D (decimal 317)
   defining Unicode char U+013E (decimal 318)
   defining Unicode char U+0141 (decimal 321)
   defining Unicode char U+0142 (decimal 322)
   defining Unicode char U+0143 (decimal 323)
   defining Unicode char U+0144 (decimal 324)
   defining Unicode char U+0147 (decimal 327)
   defining Unicode char U+0148 (decimal 328)
   defining Unicode char U+014A (decimal 330)
   defining Unicode char U+014B (decimal 331)
   defining Unicode char U+0150 (decimal 336)
   defining Unicode char U+0151 (decimal 337)
   defining Unicode char U+0152 (decimal 338)
   defining Unicode char U+0153 (decimal 339)
   defining Unicode char U+0154 (decimal 340)
   defining Unicode char U+0155 (decimal 341)
   defining Unicode char U+0158 (decimal 344)
   defining Unicode char U+0159 (decimal 345)
   defining Unicode char U+015A (decimal 346)
   defining Unicode char U+015B (decimal 347)
   defining Unicode char U+015E (decimal 350)
   defining Unicode char U+015F (decimal 351)
   defining Unicode char U+0160 (decimal 352)
   defining Unicode char U+0161 (decimal 353)
   defining Unicode char U+0162 (decimal 354)
   defining Unicode char U+0163 (decimal 355)
   defining Unicode char U+0164 (decimal 356)
   defining Unicode char U+0165 (decimal 357)
   defining Unicode char U+016E (decimal 366)
   defining Unicode char U+016F (decimal 367)
   defining Unicode char U+0170 (decimal 368)
   defining Unicode char U+0171 (decimal 369)
   defining Unicode char U+0178 (decimal 376)
   defining Unicode char U+0179 (decimal 377)
   defining Unicode char U+017A (decimal 378)
   defining Unicode char U+017B (decimal 379)
   defining Unicode char U+017C (decimal 380)
   defining Unicode char U+017D (decimal 381)
   defining Unicode char U+017E (decimal 382)
   defining Unicode char U+200C (decimal 8204)
   defining Unicode char U+2013 (decimal 8211)
   defining Unicode char U+2014 (decimal 8212)
   defining Unicode char U+2018 (decimal 8216)
   defining Unicode char U+2019 (decimal 8217)
   defining Unicode char U+201A (decimal 8218)
   defining Unicode char U+201C (decimal 8220)
   defining Unicode char U+201D (decimal 8221)
   defining Unicode char U+201E (decimal 8222)
   defining Unicode char U+2030 (decimal 8240)
   defining Unicode char U+2031 (decimal 8241)
   defining Unicode char U+2039 (decimal 8249)
   defining Unicode char U+203A (decimal 8250)
   defining Unicode char U+2423 (decimal 9251)
)
Now handling font encoding OT1 ...
... processing UTF-8 mapping file for font encoding OT1

("C:\Program Files\MiKTeX 2.9\tex\latex\base\ot1enc.dfu"
File: ot1enc.dfu 2008/04/05 v1.1m UTF-8 support for inputenc
   defining Unicode char U+00A1 (decimal 161)
   defining Unicode char U+00A3 (decimal 163)
   defining Unicode char U+00B8 (decimal 184)
   defining Unicode char U+00BF (decimal 191)
   defining Unicode char U+00C5 (decimal 197)
   defining Unicode char U+00C6 (decimal 198)
   defining Unicode char U+00D8 (decimal 216)
   defining Unicode char U+00DF (decimal 223)
   defining Unicode char U+00E6 (decimal 230)
   defining Unicode char U+00EC (decimal 236)
   defining Unicode char U+00ED (decimal 237)
   defining Unicode char U+00EE (decimal 238)
   defining Unicode char U+00EF (decimal 239)
   defining Unicode char U+00F8 (decimal 248)
   defining Unicode char U+0131 (decimal 305)
   defining Unicode char U+0141 (decimal 321)
   defining Unicode char U+0142 (decimal 322)
   defining Unicode char U+0152 (decimal 338)
   defining Unicode char U+0153 (decimal 339)
   defining Unicode char U+2013 (decimal 8211)
   defining Unicode char U+2014 (decimal 8212)
   defining Unicode char U+2018 (decimal 8216)
   defining Unicode char U+2019 (decimal 8217)
   defining Unicode char U+201C (decimal 8220)
   defining Unicode char U+201D (decimal 8221)
)
Now handling font encoding OMS ...
... processing UTF-8 mapping file for font encoding OMS

("C:\Program Files\MiKTeX 2.9\tex\latex\base\omsenc.dfu"
File: omsenc.dfu 2008/04/05 v1.1m UTF-8 support for inputenc
   defining Unicode char U+00A7 (decimal 167)
   defining Unicode char U+00B6 (decimal 182)
   defining Unicode char U+00B7 (decimal 183)
   defining Unicode char U+2020 (decimal 8224)
   defining Unicode char U+2021 (decimal 8225)
   defining Unicode char U+2022 (decimal 8226)
)
Now handling font encoding OMX ...
... no UTF-8 mapping file for font encoding OMX
Now handling font encoding U ...
... no UTF-8 mapping file for font encoding U
   defining Unicode char U+00A9 (decimal 169)
   defining Unicode char U+00AA (decimal 170)
   defining Unicode char U+00AE (decimal 174)
   defining Unicode char U+00BA (decimal 186)
   defining Unicode char U+02C6 (decimal 710)
   defining Unicode char U+02DC (decimal 732)
   defining Unicode char U+200C (decimal 8204)
   defining Unicode char U+2026 (decimal 8230)
   defining Unicode char U+2122 (decimal 8482)
   defining Unicode char U+2423 (decimal 9251)
))
(C:\Users\en.student\AppData\Roaming\MiKTeX\2.9\tex\latex\caption\caption.sty
Package: caption 2013/05/02 v3.3-89 Customizing captions (AR)

(C:\Users\en.student\AppData\Roaming\MiKTeX\2.9\tex\latex\caption\caption3.sty
Package: caption3 2013/05/02 v1.6-88 caption3 kernel (AR)
Package caption3 Info: TeX engine: e-TeX on input line 57.
\captionmargin=\dimen103
\captionmargin@=\dimen104
\captionwidth=\dimen105
\caption@tempdima=\dimen106
\caption@indent=\dimen107
\caption@parindent=\dimen108
\caption@hangindent=\dimen109
)
\c@ContinuedFloat=\count96
Package caption Info: float package is loaded.
) ("C:\Program Files\MiKTeX 2.9\tex\latex\geometry\geometry.sty"
Package: geometry 2010/09/12 v5.6 Page Geometry

("C:\Program Files\MiKTeX 2.9\tex\generic\oberdiek\ifpdf.sty"
Package: ifpdf 2011/01/30 v2.3 Provides the ifpdf switch (HO)
Package ifpdf Info: pdfTeX in PDF mode is detected.
)
("C:\Program Files\MiKTeX 2.9\tex\generic\oberdiek\ifvtex.sty"
Package: ifvtex 2010/03/01 v1.5 Detect VTeX and its facilities (HO)
Package ifvtex Info: VTeX not detected.
)
("C:\Program Files\MiKTeX 2.9\tex\generic\ifxetex\ifxetex.sty"
Package: ifxetex 2010/09/12 v0.6 Provides ifxetex conditional
)
\Gm@cnth=\count97
\Gm@cntv=\count98
\c@Gm@tempcnt=\count99
\Gm@bindingoffset=\dimen110
\Gm@wd@mp=\dimen111
\Gm@odd@mp=\dimen112
\Gm@even@mp=\dimen113
\Gm@layoutwidth=\dimen114
\Gm@layoutheight=\dimen115
\Gm@layouthoffset=\dimen116
\Gm@layoutvoffset=\dimen117
\Gm@dimlist=\toks20

("C:\Program Files\MiKTeX 2.9\tex\latex\geometry\geometry.cfg"))
(C:\Users\en.student\AppData\Roaming\MiKTeX\2.9\tex\latex\footmisc\footmisc.sty
Package: footmisc 2011/06/06 v5.5b a miscellany of footnote facilities
\FN@temptoken=\toks21
\footnotemargin=\dimen118
\c@pp@next@reset=\count100
Package footmisc Info: Declaring symbol style bringhurst on input line 855.
Package footmisc Info: Declaring symbol style chicago on input line 863.
Package footmisc Info: Declaring symbol style wiley on input line 872.
Package footmisc Info: Declaring symbol style lamport-robust on input line 883.

Package footmisc Info: Declaring symbol style lamport* on input line 903.
Package footmisc Info: Declaring symbol style lamport*-robust on input line 924
.
) ("C:\Program Files\MiKTeX 2.9\tex\latex\graphics\graphicx.sty"
Package: graphicx 1999/02/16 v1.0f Enhanced LaTeX Graphics (DPC,SPQR)

("C:\Program Files\MiKTeX 2.9\tex\latex\graphics\graphics.sty"
Package: graphics 2009/02/05 v1.0o Standard LaTeX Graphics (DPC,SPQR)

("C:\Program Files\MiKTeX 2.9\tex\latex\graphics\trig.sty"
Package: trig 1999/03/16 v1.09 sin cos tan (DPC)
)
("C:\Program Files\MiKTeX 2.9\tex\latex\00miktex\graphics.cfg"
File: graphics.cfg 2007/01/18 v1.5 graphics configuration of teTeX/TeXLive
)
Package graphics Info: Driver file: pdftex.def on input line 91.

("C:\Program Files\MiKTeX 2.9\tex\latex\pdftex-def\pdftex.def"
File: pdftex.def 2011/05/27 v0.06d Graphics/color for pdfTeX

("C:\Program Files\MiKTeX 2.9\tex\generic\oberdiek\infwarerr.sty"
Package: infwarerr 2010/04/08 v1.3 Providing info/warning/error messages (HO)
)
("C:\Program Files\MiKTeX 2.9\tex\generic\oberdiek\ltxcmds.sty"
Package: ltxcmds 2011/11/09 v1.22 LaTeX kernel commands for general use (HO)
)
\Gread@gobject=\count101
))
\Gin@req@height=\dimen119
\Gin@req@width=\dimen120
)
(C:\Users\en.student\AppData\Roaming\MiKTeX\2.9\tex\latex\subfig\subfig.sty
Package: subfig 2005/06/28 ver: 1.3 subfig package
\c@KVtest=\count102
\sf@farskip=\skip43
\sf@captopadj=\dimen121
\sf@capskip=\skip44
\sf@nearskip=\skip45
\c@subfigure=\count103
\c@subfigure@save=\count104
\c@lofdepth=\count105
\c@subtable=\count106
\c@subtable@save=\count107
\c@lotdepth=\count108
\sf@top=\skip46
\sf@bottom=\skip47
)
("C:\Program Files\MiKTeX 2.9\tex\latex\hyperref\hyperref.sty"
Package: hyperref 2012/11/06 v6.83m Hypertext links for LaTeX

("C:\Program Files\MiKTeX 2.9\tex\generic\oberdiek\hobsub-hyperref.sty"
Package: hobsub-hyperref 2012/04/25 v1.12 Bundle oberdiek, subset hyperref (HO)


("C:\Program Files\MiKTeX 2.9\tex\generic\oberdiek\hobsub-generic.sty"
Package: hobsub-generic 2012/04/25 v1.12 Bundle oberdiek, subset generic (HO)
Package: hobsub 2012/04/25 v1.12 Construct package bundles (HO)
Package hobsub Info: Skipping package `infwarerr' (already loaded).
Package hobsub Info: Skipping package `ltxcmds' (already loaded).
Package: ifluatex 2010/03/01 v1.3 Provides the ifluatex switch (HO)
Package ifluatex Info: LuaTeX not detected.
Package hobsub Info: Skipping package `ifvtex' (already loaded).
Package: intcalc 2007/09/27 v1.1 Expandable calculations with integers (HO)
Package hobsub Info: Skipping package `ifpdf' (already loaded).
Package: etexcmds 2011/02/16 v1.5 Avoid name clashes with e-TeX commands (HO)
Package etexcmds Info: Could not find \expanded.
(etexcmds)             That can mean that you are not using pdfTeX 1.50 or
(etexcmds)             that some package has redefined \expanded.
(etexcmds)             In the latter case, load this package earlier.
Package: kvsetkeys 2012/04/25 v1.16 Key value parser (HO)
Package: kvdefinekeys 2011/04/07 v1.3 Define keys (HO)
Package: pdftexcmds 2011/11/29 v0.20 Utility functions of pdfTeX for LuaTeX (HO
)
Package pdftexcmds Info: LuaTeX not detected.
Package pdftexcmds Info: \pdf@primitive is available.
Package pdftexcmds Info: \pdf@ifprimitive is available.
Package pdftexcmds Info: \pdfdraftmode found.
Package: pdfescape 2011/11/25 v1.13 Implements pdfTeX's escape features (HO)
Package: bigintcalc 2012/04/08 v1.3 Expandable calculations on big integers (HO
)
Package: bitset 2011/01/30 v1.1 Handle bit-vector datatype (HO)
Package: uniquecounter 2011/01/30 v1.2 Provide unlimited unique counter (HO)
)
Package hobsub Info: Skipping package `hobsub' (already loaded).
Package: letltxmacro 2010/09/02 v1.4 Let assignment for LaTeX macros (HO)
Package: hopatch 2011/06/24 v1.1 Wrapper for package hooks (HO)
Package: xcolor-patch 2011/01/30 xcolor patch
Package: atveryend 2011/06/30 v1.8 Hooks at the very end of document (HO)
Package: atbegshi 2011/10/05 v1.16 At begin shipout hook (HO)
Package: refcount 2011/10/16 v3.4 Data extraction from label references (HO)
Package: hycolor 2011/01/30 v1.7 Color options for hyperref/bookmark (HO)
)
("C:\Program Files\MiKTeX 2.9\tex\latex\oberdiek\auxhook.sty"
Package: auxhook 2011/03/04 v1.3 Hooks for auxiliary files (HO)
)
("C:\Program Files\MiKTeX 2.9\tex\latex\oberdiek\kvoptions.sty"
Package: kvoptions 2011/06/30 v3.11 Key value format for package options (HO)
)
\@linkdim=\dimen122
\Hy@linkcounter=\count109
\Hy@pagecounter=\count110

("C:\Program Files\MiKTeX 2.9\tex\latex\hyperref\pd1enc.def"
File: pd1enc.def 2012/11/06 v6.83m Hyperref: PDFDocEncoding definition (HO)
Now handling font encoding PD1 ...
... no UTF-8 mapping file for font encoding PD1
)
\Hy@SavedSpaceFactor=\count111

("C:\Program Files\MiKTeX 2.9\tex\latex\00miktex\hyperref.cfg"
File: hyperref.cfg 2002/06/06 v1.2 hyperref configuration of TeXLive
)
Package hyperref Info: Hyper figures OFF on input line 4443.
Package hyperref Info: Link nesting OFF on input line 4448.
Package hyperref Info: Hyper index ON on input line 4451.
Package hyperref Info: Plain pages OFF on input line 4458.
Package hyperref Info: Backreferencing OFF on input line 4463.
Package hyperref Info: Implicit mode ON; LaTeX internals redefined.
Package hyperref Info: Bookmarks ON on input line 4688.
\c@Hy@tempcnt=\count112

(C:\Users\en.student\AppData\Roaming\MiKTeX\2.9\tex\latex\url\url.sty
\Urlmuskip=\muskip10
Package: url 2013/09/16  ver 3.4  Verb mode for urls, etc.
)
LaTeX Info: Redefining \url on input line 5041.
\XeTeXLinkMargin=\dimen123
\Fld@menulength=\count113
\Field@Width=\dimen124
\Fld@charsize=\dimen125
Package hyperref Info: Hyper figures OFF on input line 6295.
Package hyperref Info: Link nesting OFF on input line 6300.
Package hyperref Info: Hyper index ON on input line 6303.
Package hyperref Info: backreferencing OFF on input line 6310.
Package hyperref Info: Link coloring OFF on input line 6315.
Package hyperref Info: Link coloring with OCG OFF on input line 6320.
Package hyperref Info: PDF/A mode OFF on input line 6325.
LaTeX Info: Redefining \ref on input line 6365.
LaTeX Info: Redefining \pageref on input line 6369.
\Hy@abspage=\count114
\c@Item=\count115
\c@Hfootnote=\count116
)

Package hyperref Message: Driver (autodetected): hpdftex.

("C:\Program Files\MiKTeX 2.9\tex\latex\hyperref\hpdftex.def"
File: hpdftex.def 2012/11/06 v6.83m Hyperref driver for pdfTeX
\Fld@listcount=\count117
\c@bookmark@seq@number=\count118

("C:\Program Files\MiKTeX 2.9\tex\latex\oberdiek\rerunfilecheck.sty"
Package: rerunfilecheck 2011/04/15 v1.7 Rerun checks for auxiliary files (HO)
Package uniquecounter Info: New unique counter `rerunfilecheck' on input line 2
82.
)
\Hy@SectionHShift=\skip48
)
(C:\Users\en.student\AppData\Roaming\MiKTeX\2.9\tex\latex\euler\euler.sty
Package: euler 1995/03/05 v2.5

Package: `euler' v2.5 <1995/03/05> (FJ and FMi)
LaTeX Font Info:    Redeclaring symbol font `letters' on input line 35.
LaTeX Font Info:    Encoding `OML' has changed to `U' for symbol font
(Font)              `letters' in the math version `normal' on input line 35.
LaTeX Font Info:    Overwriting symbol font `letters' in version `normal'
(Font)                  OML/cmm/m/it --> U/eur/m/n on input line 35.
LaTeX Font Info:    Encoding `OML' has changed to `U' for symbol font
(Font)              `letters' in the math version `bold' on input line 35.
LaTeX Font Info:    Overwriting symbol font `letters' in version `bold'
(Font)                  OML/cmm/b/it --> U/eur/m/n on input line 35.
LaTeX Font Info:    Overwriting symbol font `letters' in version `bold'
(Font)                  U/eur/m/n --> U/eur/b/n on input line 36.
LaTeX Font Info:    Redeclaring math symbol \Gamma on input line 47.
LaTeX Font Info:    Redeclaring math symbol \Delta on input line 48.
LaTeX Font Info:    Redeclaring math symbol \Theta on input line 49.
LaTeX Font Info:    Redeclaring math symbol \Lambda on input line 50.
LaTeX Font Info:    Redeclaring math symbol \Xi on input line 51.
LaTeX Font Info:    Redeclaring math symbol \Pi on input line 52.
LaTeX Font Info:    Redeclaring math symbol \Sigma on input line 53.
LaTeX Font Info:    Redeclaring math symbol \Upsilon on input line 54.
LaTeX Font Info:    Redeclaring math symbol \Phi on input line 55.
LaTeX Font Info:    Redeclaring math symbol \Psi on input line 56.
LaTeX Font Info:    Redeclaring math symbol \Omega on input line 57.
\symEulerFraktur=\mathgroup4
LaTeX Font Info:    Overwriting symbol font `EulerFraktur' in version `bold'
(Font)                  U/euf/m/n --> U/euf/b/n on input line 63.
LaTeX Info: Redefining \oldstylenums on input line 85.
\symEulerScript=\mathgroup5
LaTeX Font Info:    Overwriting symbol font `EulerScript' in version `bold'
(Font)                  U/eus/m/n --> U/eus/b/n on input line 93.
LaTeX Font Info:    Redeclaring math symbol \aleph on input line 97.
LaTeX Font Info:    Redeclaring math symbol \Re on input line 98.
LaTeX Font Info:    Redeclaring math symbol \Im on input line 99.
LaTeX Font Info:    Redeclaring math delimiter \vert on input line 101.
LaTeX Font Info:    Redeclaring math delimiter \backslash on input line 103.
LaTeX Font Info:    Redeclaring math symbol \neg on input line 106.
LaTeX Font Info:    Redeclaring math symbol \wedge on input line 108.
LaTeX Font Info:    Redeclaring math symbol \vee on input line 110.
LaTeX Font Info:    Redeclaring math symbol \setminus on input line 112.
LaTeX Font Info:    Redeclaring math symbol \sim on input line 113.
LaTeX Font Info:    Redeclaring math symbol \mid on input line 114.
LaTeX Font Info:    Redeclaring math delimiter \arrowvert on input line 116.
LaTeX Font Info:    Redeclaring math symbol \mathsection on input line 117.
\symEulerExtension=\mathgroup6
LaTeX Font Info:    Redeclaring math symbol \coprod on input line 125.
LaTeX Font Info:    Redeclaring math symbol \prod on input line 125.
LaTeX Font Info:    Redeclaring math symbol \sum on input line 125.
LaTeX Font Info:    Redeclaring math symbol \intop on input line 130.
LaTeX Font Info:    Redeclaring math symbol \ointop on input line 131.
LaTeX Font Info:    Redeclaring math symbol \braceld on input line 132.
LaTeX Font Info:    Redeclaring math symbol \bracerd on input line 133.
LaTeX Font Info:    Redeclaring math symbol \bracelu on input line 134.
LaTeX Font Info:    Redeclaring math symbol \braceru on input line 135.
LaTeX Font Info:    Redeclaring math symbol \infty on input line 136.
LaTeX Font Info:    Redeclaring math symbol \nearrow on input line 153.
LaTeX Font Info:    Redeclaring math symbol \searrow on input line 154.
LaTeX Font Info:    Redeclaring math symbol \nwarrow on input line 155.
LaTeX Font Info:    Redeclaring math symbol \swarrow on input line 156.
LaTeX Font Info:    Redeclaring math symbol \Leftrightarrow on input line 157.
LaTeX Font Info:    Redeclaring math symbol \Leftarrow on input line 158.
LaTeX Font Info:    Redeclaring math symbol \Rightarrow on input line 159.
LaTeX Font Info:    Redeclaring math symbol \leftrightarrow on input line 160.
LaTeX Font Info:    Redeclaring math symbol \leftarrow on input line 161.
LaTeX Font Info:    Redeclaring math symbol \rightarrow on input line 163.
LaTeX Font Info:    Redeclaring math delimiter \uparrow on input line 166.
LaTeX Font Info:    Redeclaring math delimiter \downarrow on input line 168.
LaTeX Font Info:    Redeclaring math delimiter \updownarrow on input line 170.
LaTeX Font Info:    Redeclaring math delimiter \Uparrow on input line 172.
LaTeX Font Info:    Redeclaring math delimiter \Downarrow on input line 174.
LaTeX Font Info:    Redeclaring math delimiter \Updownarrow on input line 176.
LaTeX Font Info:    Redeclaring math symbol \leftharpoonup on input line 177.
LaTeX Font Info:    Redeclaring math symbol \leftharpoondown on input line 178.

LaTeX Font Info:    Redeclaring math symbol \rightharpoonup on input line 179.
LaTeX Font Info:    Redeclaring math symbol \rightharpoondown on input line 180
.
LaTeX Font Info:    Redeclaring math delimiter \lbrace on input line 182.
LaTeX Font Info:    Redeclaring math delimiter \rbrace on input line 184.
\symcmmigroup=\mathgroup7
LaTeX Font Info:    Overwriting symbol font `cmmigroup' in version `bold'
(Font)                  OML/cmm/m/it --> OML/cmm/b/it on input line 200.
LaTeX Font Info:    Redeclaring math accent \vec on input line 201.
LaTeX Font Info:    Redeclaring math symbol \triangleleft on input line 202.
LaTeX Font Info:    Redeclaring math symbol \triangleright on input line 203.
LaTeX Font Info:    Redeclaring math symbol \star on input line 204.
LaTeX Font Info:    Redeclaring math symbol \lhook on input line 205.
LaTeX Font Info:    Redeclaring math symbol \rhook on input line 206.
LaTeX Font Info:    Redeclaring math symbol \flat on input line 207.
LaTeX Font Info:    Redeclaring math symbol \natural on input line 208.
LaTeX Font Info:    Redeclaring math symbol \sharp on input line 209.
LaTeX Font Info:    Redeclaring math symbol \smile on input line 210.
LaTeX Font Info:    Redeclaring math symbol \frown on input line 211.
LaTeX Font Info:    Redeclaring math accent \hat on input line 254.
) (C:/PROGRA~1/R/R-31~1.1/share/texmf/tex/latex\Sweave.sty
Package: Sweave 

("C:\Program Files\MiKTeX 2.9\tex\latex\base\ifthen.sty"
Package: ifthen 2001/05/26 v1.1c Standard LaTeX ifthen package (DPC)
)
(C:\Users\en.student\AppData\Roaming\MiKTeX\2.9\tex\latex\fancyvrb\fancyvrb.sty
Package: fancyvrb 2008/02/07

Style option: `fancyvrb' v2.7a, with DG/SPQR fixes, and firstline=lastline fix 
<2008/02/07> (tvz)
\FV@CodeLineNo=\count119
\FV@InFile=\read1
\FV@TabBox=\box28
\c@FancyVerbLine=\count120
\FV@StepNumber=\count121
\FV@OutFile=\write3
) ("C:\Program Files\MiKTeX 2.9\tex\latex\base\textcomp.sty"
Package: textcomp 2005/09/27 v1.99g Standard LaTeX package
Package textcomp Info: Sub-encoding information:
(textcomp)               5 = only ISO-Adobe without \textcurrency
(textcomp)               4 = 5 + \texteuro
(textcomp)               3 = 4 + \textohm
(textcomp)               2 = 3 + \textestimated + \textcurrency
(textcomp)               1 = TS1 - \textcircled - \t
(textcomp)               0 = TS1 (full)
(textcomp)             Font families with sub-encoding setting implement
(textcomp)             only a restricted character set as indicated.
(textcomp)             Family '?' is the default used for unknown fonts.
(textcomp)             See the documentation for details.
Package textcomp Info: Setting ? sub-encoding to TS1/1 on input line 71.

("C:\Program Files\MiKTeX 2.9\tex\latex\base\ts1enc.def"
File: ts1enc.def 2001/06/05 v3.0e (jk/car/fm) Standard LaTeX file
Now handling font encoding TS1 ...
... processing UTF-8 mapping file for font encoding TS1

("C:\Program Files\MiKTeX 2.9\tex\latex\base\ts1enc.dfu"
File: ts1enc.dfu 2008/04/05 v1.1m UTF-8 support for inputenc
   defining Unicode char U+00A2 (decimal 162)
   defining Unicode char U+00A3 (decimal 163)
   defining Unicode char U+00A4 (decimal 164)
   defining Unicode char U+00A5 (decimal 165)
   defining Unicode char U+00A6 (decimal 166)
   defining Unicode char U+00A7 (decimal 167)
   defining Unicode char U+00A8 (decimal 168)
   defining Unicode char U+00A9 (decimal 169)
   defining Unicode char U+00AA (decimal 170)
   defining Unicode char U+00AC (decimal 172)
   defining Unicode char U+00AE (decimal 174)
   defining Unicode char U+00AF (decimal 175)
   defining Unicode char U+00B0 (decimal 176)
   defining Unicode char U+00B1 (decimal 177)
   defining Unicode char U+00B2 (decimal 178)
   defining Unicode char U+00B3 (decimal 179)
   defining Unicode char U+00B4 (decimal 180)
   defining Unicode char U+00B5 (decimal 181)
   defining Unicode char U+00B6 (decimal 182)
   defining Unicode char U+00B7 (decimal 183)
   defining Unicode char U+00B9 (decimal 185)
   defining Unicode char U+00BA (decimal 186)
   defining Unicode char U+00BC (decimal 188)
   defining Unicode char U+00BD (decimal 189)
   defining Unicode char U+00BE (decimal 190)
   defining Unicode char U+00D7 (decimal 215)
   defining Unicode char U+00F7 (decimal 247)
   defining Unicode char U+0192 (decimal 402)
   defining Unicode char U+02C7 (decimal 711)
   defining Unicode char U+02D8 (decimal 728)
   defining Unicode char U+02DD (decimal 733)
   defining Unicode char U+0E3F (decimal 3647)
   defining Unicode char U+2016 (decimal 8214)
   defining Unicode char U+2020 (decimal 8224)
   defining Unicode char U+2021 (decimal 8225)
   defining Unicode char U+2022 (decimal 8226)
   defining Unicode char U+2030 (decimal 8240)
   defining Unicode char U+2031 (decimal 8241)
   defining Unicode char U+203B (decimal 8251)
   defining Unicode char U+203D (decimal 8253)
   defining Unicode char U+2044 (decimal 8260)
   defining Unicode char U+204E (decimal 8270)
   defining Unicode char U+2052 (decimal 8274)
   defining Unicode char U+20A1 (decimal 8353)
   defining Unicode char U+20A4 (decimal 8356)
   defining Unicode char U+20A6 (decimal 8358)
   defining Unicode char U+20A9 (decimal 8361)
   defining Unicode char U+20AB (decimal 8363)
   defining Unicode char U+20AC (decimal 8364)
   defining Unicode char U+20B1 (decimal 8369)
   defining Unicode char U+2103 (decimal 8451)
   defining Unicode char U+2116 (decimal 8470)
   defining Unicode char U+2117 (decimal 8471)
   defining Unicode char U+211E (decimal 8478)
   defining Unicode char U+2120 (decimal 8480)
   defining Unicode char U+2122 (decimal 8482)
   defining Unicode char U+2126 (decimal 8486)
   defining Unicode char U+2127 (decimal 8487)
   defining Unicode char U+212E (decimal 8494)
   defining Unicode char U+2190 (decimal 8592)
   defining Unicode char U+2191 (decimal 8593)
   defining Unicode char U+2192 (decimal 8594)
   defining Unicode char U+2193 (decimal 8595)
   defining Unicode char U+2329 (decimal 9001)
   defining Unicode char U+232A (decimal 9002)
   defining Unicode char U+2422 (decimal 9250)
   defining Unicode char U+25E6 (decimal 9702)
   defining Unicode char U+25EF (decimal 9711)
   defining Unicode char U+266A (decimal 9834)
))
LaTeX Info: Redefining \oldstylenums on input line 266.
Package textcomp Info: Setting cmr sub-encoding to TS1/0 on input line 281.
Package textcomp Info: Setting cmss sub-encoding to TS1/0 on input line 282.
Package textcomp Info: Setting cmtt sub-encoding to TS1/0 on input line 283.
Package textcomp Info: Setting cmvtt sub-encoding to TS1/0 on input line 284.
Package textcomp Info: Setting cmbr sub-encoding to TS1/0 on input line 285.
Package textcomp Info: Setting cmtl sub-encoding to TS1/0 on input line 286.
Package textcomp Info: Setting ccr sub-encoding to TS1/0 on input line 287.
Package textcomp Info: Setting ptm sub-encoding to TS1/4 on input line 288.
Package textcomp Info: Setting pcr sub-encoding to TS1/4 on input line 289.
Package textcomp Info: Setting phv sub-encoding to TS1/4 on input line 290.
Package textcomp Info: Setting ppl sub-encoding to TS1/3 on input line 291.
Package textcomp Info: Setting pag sub-encoding to TS1/4 on input line 292.
Package textcomp Info: Setting pbk sub-encoding to TS1/4 on input line 293.
Package textcomp Info: Setting pnc sub-encoding to TS1/4 on input line 294.
Package textcomp Info: Setting pzc sub-encoding to TS1/4 on input line 295.
Package textcomp Info: Setting bch sub-encoding to TS1/4 on input line 296.
Package textcomp Info: Setting put sub-encoding to TS1/5 on input line 297.
Package textcomp Info: Setting uag sub-encoding to TS1/5 on input line 298.
Package textcomp Info: Setting ugq sub-encoding to TS1/5 on input line 299.
Package textcomp Info: Setting ul8 sub-encoding to TS1/4 on input line 300.
Package textcomp Info: Setting ul9 sub-encoding to TS1/4 on input line 301.
Package textcomp Info: Setting augie sub-encoding to TS1/5 on input line 302.
Package textcomp Info: Setting dayrom sub-encoding to TS1/3 on input line 303.
Package textcomp Info: Setting dayroms sub-encoding to TS1/3 on input line 304.

Package textcomp Info: Setting pxr sub-encoding to TS1/0 on input line 305.
Package textcomp Info: Setting pxss sub-encoding to TS1/0 on input line 306.
Package textcomp Info: Setting pxtt sub-encoding to TS1/0 on input line 307.
Package textcomp Info: Setting txr sub-encoding to TS1/0 on input line 308.
Package textcomp Info: Setting txss sub-encoding to TS1/0 on input line 309.
Package textcomp Info: Setting txtt sub-encoding to TS1/0 on input line 310.
Package textcomp Info: Setting lmr sub-encoding to TS1/0 on input line 311.
Package textcomp Info: Setting lmdh sub-encoding to TS1/0 on input line 312.
Package textcomp Info: Setting lmss sub-encoding to TS1/0 on input line 313.
Package textcomp Info: Setting lmssq sub-encoding to TS1/0 on input line 314.
Package textcomp Info: Setting lmvtt sub-encoding to TS1/0 on input line 315.
Package textcomp Info: Setting qhv sub-encoding to TS1/0 on input line 316.
Package textcomp Info: Setting qag sub-encoding to TS1/0 on input line 317.
Package textcomp Info: Setting qbk sub-encoding to TS1/0 on input line 318.
Package textcomp Info: Setting qcr sub-encoding to TS1/0 on input line 319.
Package textcomp Info: Setting qcs sub-encoding to TS1/0 on input line 320.
Package textcomp Info: Setting qpl sub-encoding to TS1/0 on input line 321.
Package textcomp Info: Setting qtm sub-encoding to TS1/0 on input line 322.
Package textcomp Info: Setting qzc sub-encoding to TS1/0 on input line 323.
Package textcomp Info: Setting qhvc sub-encoding to TS1/0 on input line 324.
Package textcomp Info: Setting futs sub-encoding to TS1/4 on input line 325.
Package textcomp Info: Setting futx sub-encoding to TS1/4 on input line 326.
Package textcomp Info: Setting futj sub-encoding to TS1/4 on input line 327.
Package textcomp Info: Setting hlh sub-encoding to TS1/3 on input line 328.
Package textcomp Info: Setting hls sub-encoding to TS1/3 on input line 329.
Package textcomp Info: Setting hlst sub-encoding to TS1/3 on input line 330.
Package textcomp Info: Setting hlct sub-encoding to TS1/5 on input line 331.
Package textcomp Info: Setting hlx sub-encoding to TS1/5 on input line 332.
Package textcomp Info: Setting hlce sub-encoding to TS1/5 on input line 333.
Package textcomp Info: Setting hlcn sub-encoding to TS1/5 on input line 334.
Package textcomp Info: Setting hlcw sub-encoding to TS1/5 on input line 335.
Package textcomp Info: Setting hlcf sub-encoding to TS1/5 on input line 336.
Package textcomp Info: Setting pplx sub-encoding to TS1/3 on input line 337.
Package textcomp Info: Setting pplj sub-encoding to TS1/3 on input line 338.
Package textcomp Info: Setting ptmx sub-encoding to TS1/4 on input line 339.
Package textcomp Info: Setting ptmj sub-encoding to TS1/4 on input line 340.
)
("C:\Program Files\MiKTeX 2.9\tex\latex\base\fontenc.sty"
Package: fontenc 2005/09/27 v1.99g Standard LaTeX package

("C:\Program Files\MiKTeX 2.9\tex\latex\base\t1enc.def"
File: t1enc.def 2005/09/27 v1.99g Standard LaTeX file
LaTeX Font Info:    Redeclaring font encoding T1 on input line 43.
))
("C:\Program Files\MiKTeX 2.9\tex\latex\ae\ae.sty"
Package: ae 2001/02/12 1.3 Almost European Computer Modern

("C:\Program Files\MiKTeX 2.9\tex\latex\base\fontenc.sty"
Package: fontenc 2005/09/27 v1.99g Standard LaTeX package

("C:\Program Files\MiKTeX 2.9\tex\latex\base\t1enc.def"
File: t1enc.def 2005/09/27 v1.99g Standard LaTeX file
LaTeX Font Info:    Redeclaring font encoding T1 on input line 43.
)
LaTeX Font Info:    Try loading font information for T1+aer on input line 100.

("C:\Program Files\MiKTeX 2.9\tex\latex\ae\t1aer.fd"
File: t1aer.fd 1997/11/16 Font definitions for T1/aer.
))))

Package csquotes Warning: Load 'inputenc' before 'csquotes' on input line 33.

Package csquotes Info: Checking for multilingual support...
Package csquotes Info: ... none found.

Package csquotes Warning: No multilingual support.
(csquotes)                Cannot enable multilingual quotes on input line 33.


(\\csrv05\public$\Elenamarlene\BestpracticeR\timeseries\FINAL_VERSION\FINAL_VER
SION.aux)
LaTeX Font Info:    Checking defaults for OML/cmm/m/it on input line 33.
LaTeX Font Info:    ... okay on input line 33.
LaTeX Font Info:    Checking defaults for T1/cmr/m/n on input line 33.
LaTeX Font Info:    ... okay on input line 33.
LaTeX Font Info:    Checking defaults for OT1/cmr/m/n on input line 33.
LaTeX Font Info:    ... okay on input line 33.
LaTeX Font Info:    Checking defaults for OMS/cmsy/m/n on input line 33.
LaTeX Font Info:    ... okay on input line 33.
LaTeX Font Info:    Checking defaults for OMX/cmex/m/n on input line 33.
LaTeX Font Info:    ... okay on input line 33.
LaTeX Font Info:    Checking defaults for U/cmr/m/n on input line 33.
LaTeX Font Info:    ... okay on input line 33.
LaTeX Font Info:    Checking defaults for PD1/pdf/m/n on input line 33.
LaTeX Font Info:    ... okay on input line 33.
LaTeX Font Info:    Checking defaults for TS1/cmr/m/n on input line 33.
LaTeX Font Info:    Try loading font information for TS1+cmr on input line 33.
 ("C:\Program Files\MiKTeX 2.9\tex\latex\base\ts1cmr.fd"
File: ts1cmr.fd 1999/05/25 v2.5h Standard LaTeX font definitions
)
LaTeX Font Info:    ... okay on input line 33.
Package caption Info: Begin \AtBeginDocument code.
Package caption Info: subfig package v1.3 is loaded.
Package caption Info: hyperref package is loaded.
Package caption Info: End \AtBeginDocument code.

*geometry* driver: auto-detecting
*geometry* detected driver: pdftex
*geometry* verbose mode - [ preamble ] result:
* driver: pdftex
* paper: a4paper
* layout: <same size as paper>
* layoutoffset:(h,v)=(0.0pt,0.0pt)
* modes: 
* h-part:(L,W,R)=(85.35826pt, 426.79135pt, 85.35826pt)
* v-part:(T,H,B)=(71.13188pt, 717.00946pt, 56.9055pt)
* \paperwidth=597.50787pt
* \paperheight=845.04684pt
* \textwidth=455.24408pt
* \textheight=711.3189pt
* \oddsidemargin=13.08827pt
* \evensidemargin=13.08827pt
* \topmargin=-42.67912pt
* \headheight=12.0pt
* \headsep=25.0pt
* \topskip=10.0pt
* \footskip=28.45274pt
* \marginparwidth=57.0pt
* \marginparsep=11.0pt
* \columnsep=10.0pt
* \skip\footins=9.0pt plus 4.0pt minus 2.0pt
* \hoffset=0.0pt
* \voffset=0.0pt
* \mag=1000
* \@twocolumnfalse
* \@twosidefalse
* \@mparswitchfalse
* \@reversemarginfalse
* (1in=72.27pt=25.4mm, 1cm=28.453pt)

(C:\Users\en.student\AppData\Roaming\MiKTeX\2.9\tex\context\base\supp-pdf.mkii
[Loading MPS to PDF converter (version 2006.09.02).]
\scratchcounter=\count122
\scratchdimen=\dimen126
\scratchbox=\box29
\nofMPsegments=\count123
\nofMParguments=\count124
\everyMPshowfont=\toks22
\MPscratchCnt=\count125
\MPscratchDim=\dimen127
\MPnumerator=\count126
\makeMPintoPDFobject=\count127
\everyMPtoPDFconversion=\toks23
)
\AtBeginShipoutBox=\box30
Package hyperref Info: Link coloring OFF on input line 33.
 ("C:\Program Files\MiKTeX 2.9\tex\latex\hyperref\nameref.sty"
Package: nameref 2012/10/27 v2.43 Cross-referencing by name of section

("C:\Program Files\MiKTeX 2.9\tex\generic\oberdiek\gettitlestring.sty"
Package: gettitlestring 2010/12/03 v1.4 Cleanup title references (HO)
)
\c@section@level=\count128
)
LaTeX Info: Redefining \ref on input line 33.
LaTeX Info: Redefining \pageref on input line 33.
LaTeX Info: Redefining \nameref on input line 33.

(\\csrv05\public$\Elenamarlene\BestpracticeR\timeseries\FINAL_VERSION\FINAL_VER
SION.out)
(\\csrv05\public$\Elenamarlene\BestpracticeR\timeseries\FINAL_VERSION\FINAL_VER
SION.out)
\@outlinefile=\write4
LaTeX Font Info:    Redeclaring symbol font `operators' on input line 33.
LaTeX Font Info:    Overwriting symbol font `operators' in version `normal'
(Font)                  OT1/cmr/m/n --> OT1/aer/m/n on input line 33.
LaTeX Font Info:    Overwriting symbol font `operators' in version `bold'
(Font)                  OT1/cmr/bx/n --> OT1/aer/m/n on input line 33.
LaTeX Font Info:    Overwriting symbol font `operators' in version `bold'
(Font)                  OT1/aer/m/n --> OT1/aer/bx/n on input line 33.
LaTeX Font Info:    Redeclaring math alphabet \mathbf on input line 33.
LaTeX Font Info:    Overwriting math alphabet `\mathbf' in version `normal'
(Font)                  OT1/cmr/bx/n --> OT1/aer/bx/n on input line 33.
LaTeX Font Info:    Overwriting math alphabet `\mathbf' in version `bold'
(Font)                  OT1/cmr/bx/n --> OT1/aer/bx/n on input line 33.
LaTeX Font Info:    Redeclaring math alphabet \mathsf on input line 33.
LaTeX Font Info:    Overwriting math alphabet `\mathsf' in version `normal'
(Font)                  OT1/cmss/m/n --> OT1/aess/m/n on input line 33.
LaTeX Font Info:    Overwriting math alphabet `\mathsf' in version `bold'
(Font)                  OT1/cmss/bx/n --> OT1/aess/m/n on input line 33.
LaTeX Font Info:    Redeclaring math alphabet \mathit on input line 33.
LaTeX Font Info:    Overwriting math alphabet `\mathit' in version `normal'
(Font)                  OT1/cmr/m/it --> OT1/aer/m/it on input line 33.
LaTeX Font Info:    Overwriting math alphabet `\mathit' in version `bold'
(Font)                  OT1/cmr/bx/it --> OT1/aer/m/it on input line 33.
LaTeX Font Info:    Redeclaring math alphabet \mathtt on input line 33.
LaTeX Font Info:    Overwriting math alphabet `\mathtt' in version `normal'
(Font)                  OT1/cmtt/m/n --> OT1/aett/m/n on input line 33.
LaTeX Font Info:    Overwriting math alphabet `\mathtt' in version `bold'
(Font)                  OT1/cmtt/m/n --> OT1/aett/m/n on input line 33.
LaTeX Font Info:    Overwriting math alphabet `\mathsf' in version `bold'
(Font)                  OT1/aess/m/n --> OT1/aess/bx/n on input line 33.
LaTeX Font Info:    Overwriting math alphabet `\mathit' in version `bold'
(Font)                  OT1/aer/m/it --> OT1/aer/bx/it on input line 33.

(\\csrv05\public$\Elenamarlene\BestpracticeR\timeseries\FINAL_VERSION\FINAL_VER
SION-concordance.tex)
LaTeX Font Info:    Try loading font information for OT1+aer on input line 42.
 ("C:\Program Files\MiKTeX 2.9\tex\latex\ae\ot1aer.fd"
File: ot1aer.fd 1997/11/16 Font definitions for OT1/aer.
)
LaTeX Font Info:    Try loading font information for U+eur on input line 42.

("C:\Program Files\MiKTeX 2.9\tex\latex\amsfonts\ueur.fd"
File: ueur.fd 2013/01/14 v3.01 Euler Roman
)
LaTeX Font Info:    External font `cmex10' loaded for size
(Font)              <12> on input line 42.
LaTeX Font Info:    External font `cmex10' loaded for size
(Font)              <8> on input line 42.
LaTeX Font Info:    External font `cmex10' loaded for size
(Font)              <6> on input line 42.
LaTeX Font Info:    Try loading font information for U+euf on input line 42.

("C:\Program Files\MiKTeX 2.9\tex\latex\amsfonts\ueuf.fd"
File: ueuf.fd 2013/01/14 v3.01 Euler Fraktur
)
LaTeX Font Info:    Try loading font information for U+eus on input line 42.

("C:\Program Files\MiKTeX 2.9\tex\latex\amsfonts\ueus.fd"
File: ueus.fd 2013/01/14 v3.01 Euler Script
)
LaTeX Font Info:    Try loading font information for U+euex on input line 42.

("C:\Program Files\MiKTeX 2.9\tex\latex\amsfonts\ueuex.fd"
File: ueuex.fd 2013/01/14 v3.01 Euler extra symbols
)
(\\csrv05\public$\Elenamarlene\BestpracticeR\timeseries\FINAL_VERSION\FINAL_VER
SION.toc
LaTeX Font Info:    External font `cmex10' loaded for size
(Font)              <7> on input line 2.
LaTeX Font Info:    External font `cmex10' loaded for size
(Font)              <5> on input line 2.
 [1

{C:/Users/en.student/AppData/Local/MiKTeX/2.9/pdftex/config/pdftex.map}])
\tf@toc=\write5
 [2]
Underfull \hbox (badness 10000) in paragraph at lines 47--49

 []


Underfull \hbox (badness 10000) in paragraph at lines 51--52

 []


Underfull \hbox (badness 10000) in paragraph at lines 55--56

 []


Underfull \hbox (badness 10000) in paragraph at lines 57--58

 []

LaTeX Font Info:    Try loading font information for TS1+aer on input line 59.
(C:/PROGRA~1/R/R-31~1.1/share/texmf/tex/latex\ts1aer.fd
File: ts1aer.fd 
)
LaTeX Font Info:    Font shape `TS1/aer/m/n' in size <10> not available
(Font)              Font shape `TS1/cmr/m/n' tried instead on input line 59.

Underfull \hbox (badness 10000) in paragraph at lines 59--60

 []


! LaTeX Error: There's no line here to end.

See the LaTeX manual or LaTeX Companion for explanation.
Type  H <return>  for immediate help.
 ...                                              
                                                  
l.62 \textbf
            {Business and finance (econometrics)}\\
Your command was ignored.
Type  I <command> <return>  to replace it with another command,
or  <return>  to continue without it.


Underfull \hbox (badness 10000) in paragraph at lines 62--63

 []


Underfull \hbox (badness 10000) in paragraph at lines 64--65

 []


Underfull \hbox (badness 10000) in paragraph at lines 66--67

 []


Underfull \hbox (badness 10000) in paragraph at lines 68--69

 []


Underfull \hbox (badness 10000) in paragraph at lines 70--71

 []


Underfull \hbox (badness 10000) in paragraph at lines 78--79

 []


Underfull \hbox (badness 10000) in paragraph at lines 80--81

 []


Underfull \hbox (badness 10000) in paragraph at lines 82--83

 []


Underfull \hbox (badness 10000) in paragraph at lines 84--85

 []


Underfull \hbox (badness 10000) in paragraph at lines 86--87

 []

[3]
Underfull \hbox (badness 10000) in paragraph at lines 94--95

 []

LaTeX Font Info:    Try loading font information for T1+aett on input line 124.

("C:\Program Files\MiKTeX 2.9\tex\latex\ae\t1aett.fd"
File: t1aett.fd 1997/11/16 Font definitions for T1/aett.
)
<FINAL_VERSION-Deathplot.pdf, id=224, 433.62pt x 433.62pt>
File: FINAL_VERSION-Deathplot.pdf Graphic file (type pdf)

<use FINAL_VERSION-Deathplot.pdf>
Package pdftex.def Info: FINAL_VERSION-Deathplot.pdf used on input line 128.
(pdftex.def)             Requested size: 273.14922pt x 273.1622pt.

Underfull \hbox (badness 10000) in paragraph at lines 96--132

 []


Underfull \hbox (badness 10000) in paragraph at lines 96--132

 []


Underfull \hbox (badness 10000) in paragraph at lines 96--132

 []


Underfull \hbox (badness 10000) in paragraph at lines 96--132

 []


Underfull \hbox (badness 10000) in paragraph at lines 96--132

 []


Underfull \hbox (badness 10000) in paragraph at lines 96--132

 []


Underfull \hbox (badness 10000) in paragraph at lines 96--132

 []


Underfull \hbox (badness 10000) in paragraph at lines 96--132

 []


Underfull \hbox (badness 10000) in paragraph at lines 96--132

 []


Underfull \hbox (badness 10000) in paragraph at lines 96--132

 []


Underfull \hbox (badness 10000) in paragraph at lines 96--132

 []


Underfull \hbox (badness 10000) in paragraph at lines 96--132

 []

<FINAL_VERSION-Decomposition.pdf, id=225, 433.62pt x 433.62pt>
File: FINAL_VERSION-Decomposition.pdf Graphic file (type pdf)

<use FINAL_VERSION-Decomposition.pdf>
Package pdftex.def Info: FINAL_VERSION-Decomposition.pdf used on input line 141
.
(pdftex.def)             Requested size: 273.14922pt x 273.1622pt.
 [4 <//csrv05/public$/Elenamarlene/BestpracticeR/timeseries/FINAL_VERSION/FINAL
_VERSION-Deathplot.pdf>]
Underfull \hbox (badness 10000) in paragraph at lines 147--148

 []


Underfull \hbox (badness 10000) in paragraph at lines 149--153

 []


Underfull \hbox (badness 10000) in paragraph at lines 149--153

 []


Underfull \hbox (badness 10000) in paragraph at lines 149--153

 []


Underfull \hbox (badness 10000) in paragraph at lines 156--157

 []


Underfull \hbox (badness 10000) in paragraph at lines 158--173

 []


Underfull \hbox (badness 10000) in paragraph at lines 158--173

 []


Underfull \hbox (badness 10000) in paragraph at lines 158--173

 []


Underfull \hbox (badness 10000) in paragraph at lines 158--173

 []


Underfull \hbox (badness 10000) in paragraph at lines 158--173

 []


Underfull \hbox (badness 10000) in paragraph at lines 158--173

 []

[5 <//csrv05/public$/Elenamarlene/BestpracticeR/timeseries/FINAL_VERSION/FINAL_
VERSION-Decomposition.pdf>]
Underfull \hbox (badness 10000) in paragraph at lines 176--177

 []


Underfull \hbox (badness 10000) in paragraph at lines 178--179

 []


Underfull \hbox (badness 10000) in paragraph at lines 179--180

 []


Underfull \hbox (badness 10000) in paragraph at lines 181--182

 []


Underfull \hbox (badness 10000) in paragraph at lines 183--184

 []


Underfull \hbox (badness 10000) in paragraph at lines 184--185

 []


Underfull \hbox (badness 10000) in paragraph at lines 186--187

 []


Underfull \hbox (badness 10000) in paragraph at lines 188--189

 []

[6]
Underfull \hbox (badness 10000) in paragraph at lines 194--205

 []


Underfull \hbox (badness 10000) in paragraph at lines 194--205

 []


Underfull \hbox (badness 10000) in paragraph at lines 194--205

 []


Underfull \hbox (badness 10000) in paragraph at lines 194--205

 []


Underfull \hbox (badness 10000) in paragraph at lines 194--205

 []


Underfull \hbox (badness 10000) in paragraph at lines 194--205

 []


Underfull \hbox (badness 10000) in paragraph at lines 206--207

 []

! Undefined control sequence.
l.208 \noindet
               Using \textbf{diagnostic tests}, specifying the type of time ...
The control sequence at the end of the top line
of your error message was never \def'ed. If you have
misspelled it (e.g., `\hobx'), type `I' and the correct
spelling (e.g., `I\hbox'). Otherwise just continue,
and I'll forget about whatever was undefined.


Underfull \hbox (badness 10000) in paragraph at lines 208--209

 []


Underfull \hbox (badness 10000) in paragraph at lines 210--211

 []

[7]
Underfull \hbox (badness 10000) in paragraph at lines 251--254

 []

[8]
Underfull \hbox (badness 10000) in paragraph at lines 330--331

 []

<FINAL_VERSION-plotorigin.pdf, id=262, 433.62pt x 433.62pt>
File: FINAL_VERSION-plotorigin.pdf Graphic file (type pdf)

<use FINAL_VERSION-plotorigin.pdf>
Package pdftex.def Info: FINAL_VERSION-plotorigin.pdf used on input line 362.
(pdftex.def)             Requested size: 273.14922pt x 273.1622pt.
 [9] [10 <//csrv05/public$/Elenamarlene/BestpracticeR/timeseries/FINAL_VERSION/
FINAL_VERSION-plotorigin.pdf>]
Underfull \hbox (badness 10000) in paragraph at lines 390--394

 []


Underfull \hbox (badness 10000) in paragraph at lines 415--417

 []


Underfull \hbox (badness 10000) in paragraph at lines 427--429

 []

<FINAL_VERSION-fig1visualize.pdf, id=278, 433.62pt x 433.62pt>
File: FINAL_VERSION-fig1visualize.pdf Graphic file (type pdf)

<use FINAL_VERSION-fig1visualize.pdf>
Package pdftex.def Info: FINAL_VERSION-fig1visualize.pdf used on input line 444
.
(pdftex.def)             Requested size: 273.14922pt x 273.1622pt.
 [11]
<FINAL_VERSION-correlogramlm.pdf, id=287, 433.62pt x 433.62pt>
File: FINAL_VERSION-correlogramlm.pdf Graphic file (type pdf)

<use FINAL_VERSION-correlogramlm.pdf>
Package pdftex.def Info: FINAL_VERSION-correlogramlm.pdf used on input line 456
.
(pdftex.def)             Requested size: 227.62204pt x 227.62082pt.
 [12 <//csrv05/public$/Elenamarlene/BestpracticeR/timeseries/FINAL_VERSION/FINA
L_VERSION-fig1visualize.pdf>]
Underfull \hbox (badness 10000) in paragraph at lines 462--465

 []

<FINAL_VERSION-correlogramres1.pdf, id=299, 433.62pt x 433.62pt>
File: FINAL_VERSION-correlogramres1.pdf Graphic file (type pdf)

<use FINAL_VERSION-correlogramres1.pdf>
Package pdftex.def Info: FINAL_VERSION-correlogramres1.pdf used on input line 4
70.
(pdftex.def)             Requested size: 182.09485pt x 182.09268pt.

<FINAL_VERSION-correlogramres2.pdf, id=300, 433.62pt x 433.62pt>
File: FINAL_VERSION-correlogramres2.pdf Graphic file (type pdf)

<use FINAL_VERSION-correlogramres2.pdf>
Package pdftex.def Info: FINAL_VERSION-correlogramres2.pdf used on input line 4
74.
(pdftex.def)             Requested size: 182.09485pt x 182.09268pt.

<FINAL_VERSION-correlogramres3.pdf, id=301, 433.62pt x 433.62pt>
File: FINAL_VERSION-correlogramres3.pdf Graphic file (type pdf)

<use FINAL_VERSION-correlogramres3.pdf>
Package pdftex.def Info: FINAL_VERSION-correlogramres3.pdf used on input line 4
79.
(pdftex.def)             Requested size: 182.09485pt x 182.09268pt.
 [13 <//csrv05/public$/Elenamarlene/BestpracticeR/timeseries/FINAL_VERSION/FINA
L_VERSION-correlogramlm.pdf>]

! LaTeX Error: There's no line here to end.

See the LaTeX manual or LaTeX Companion for explanation.
Type  H <return>  for immediate help.
 ...                                              
                                                  
l.486 
      
Your command was ignored.
Type  I <command> <return>  to replace it with another command,
or  <return>  to continue without it.


Underfull \hbox (badness 10000) in paragraph at lines 487--488

 []

[14 <//csrv05/public$/Elenamarlene/BestpracticeR/timeseries/FINAL_VERSION/FINAL
_VERSION-correlogramres1.pdf> <//csrv05/public$/Elenamarlene/BestpracticeR/time
series/FINAL_VERSION/FINAL_VERSION-correlogramres2.pdf> <//csrv05/public$/Elena
marlene/BestpracticeR/timeseries/FINAL_VERSION/FINAL_VERSION-correlogramres3.pd
f>] <FINAL_VERSION-decompose.pdf, id=337, 433.62pt x 433.62pt>
File: FINAL_VERSION-decompose.pdf Graphic file (type pdf)

<use FINAL_VERSION-decompose.pdf>
Package pdftex.def Info: FINAL_VERSION-decompose.pdf used on input line 502.
(pdftex.def)             Requested size: 227.62204pt x 227.62082pt.

<FINAL_VERSION-seascomp1.pdf, id=338, 433.62pt x 433.62pt>
File: FINAL_VERSION-seascomp1.pdf Graphic file (type pdf)

<use FINAL_VERSION-seascomp1.pdf>
Package pdftex.def Info: FINAL_VERSION-seascomp1.pdf used on input line 524.
(pdftex.def)             Requested size: 182.09485pt x 182.09268pt.

<FINAL_VERSION-seascomp2.pdf, id=339, 433.62pt x 433.62pt>
File: FINAL_VERSION-seascomp2.pdf Graphic file (type pdf)

<use FINAL_VERSION-seascomp2.pdf>
Package pdftex.def Info: FINAL_VERSION-seascomp2.pdf used on input line 528.
(pdftex.def)             Requested size: 182.09485pt x 182.09268pt.
 [15 <//csrv05/public$/Elenamarlene/BestpracticeR/timeseries/FINAL_VERSION/FINA
L_VERSION-decompose.pdf> <//csrv05/public$/Elenamarlene/BestpracticeR/timeserie
s/FINAL_VERSION/FINAL_VERSION-seascomp1.pdf> <//csrv05/public$/Elenamarlene/Bes
tpracticeR/timeseries/FINAL_VERSION/FINAL_VERSION-seascomp2.pdf>] <FINAL_VERSIO
N-seasadj1.pdf, id=364, 433.62pt x 433.62pt>
File: FINAL_VERSION-seasadj1.pdf Graphic file (type pdf)

<use FINAL_VERSION-seasadj1.pdf>
Package pdftex.def Info: FINAL_VERSION-seasadj1.pdf used on input line 546.
(pdftex.def)             Requested size: 182.09485pt x 182.09268pt.

<FINAL_VERSION-seasadj2.pdf, id=365, 433.62pt x 433.62pt>
File: FINAL_VERSION-seasadj2.pdf Graphic file (type pdf)

<use FINAL_VERSION-seasadj2.pdf>
Package pdftex.def Info: FINAL_VERSION-seasadj2.pdf used on input line 550.
(pdftex.def)             Requested size: 182.09485pt x 182.09268pt.

Underfull \hbox (badness 10000) in paragraph at lines 602--603

 []

[16 <//csrv05/public$/Elenamarlene/BestpracticeR/timeseries/FINAL_VERSION/FINAL
_VERSION-seasadj1.pdf> <//csrv05/public$/Elenamarlene/BestpracticeR/timeseries/
FINAL_VERSION/FINAL_VERSION-seasadj2.pdf>]
Underfull \hbox (badness 10000) in paragraph at lines 606--607

 []


Underfull \hbox (badness 10000) in paragraph at lines 607--608

 []


Underfull \hbox (badness 10000) in paragraph at lines 608--609

 []


Underfull \hbox (badness 10000) in paragraph at lines 609--610

 []


Underfull \hbox (badness 10000) in paragraph at lines 610--611

 []

<FINAL_VERSION-glsARACF.pdf, id=385, 433.62pt x 433.62pt>
File: FINAL_VERSION-glsARACF.pdf Graphic file (type pdf)

<use FINAL_VERSION-glsARACF.pdf>
Package pdftex.def Info: FINAL_VERSION-glsARACF.pdf used on input line 636.
(pdftex.def)             Requested size: 182.09485pt x 182.09268pt.

<FINAL_VERSION-glsARPACF.pdf, id=386, 433.62pt x 433.62pt>
File: FINAL_VERSION-glsARPACF.pdf Graphic file (type pdf)

<use FINAL_VERSION-glsARPACF.pdf>
Package pdftex.def Info: FINAL_VERSION-glsARPACF.pdf used on input line 640.
(pdftex.def)             Requested size: 182.09485pt x 182.09268pt.
 [17 <//csrv05/public$/Elenamarlene/BestpracticeR/timeseries/FINAL_VERSION/FINA
L_VERSION-glsARACF.pdf> <//csrv05/public$/Elenamarlene/BestpracticeR/timeseries
/FINAL_VERSION/FINAL_VERSION-glsARPACF.pdf>]
<FINAL_VERSION-residual.pdf, id=412, 433.62pt x 433.62pt>
File: FINAL_VERSION-residual.pdf Graphic file (type pdf)

<use FINAL_VERSION-residual.pdf>
Package pdftex.def Info: FINAL_VERSION-residual.pdf used on input line 718.
(pdftex.def)             Requested size: 182.09485pt x 182.09268pt.

<FINAL_VERSION-residualARMA.pdf, id=413, 433.62pt x 433.62pt>
File: FINAL_VERSION-residualARMA.pdf Graphic file (type pdf)

<use FINAL_VERSION-residualARMA.pdf>
Package pdftex.def Info: FINAL_VERSION-residualARMA.pdf used on input line 722.

(pdftex.def)             Requested size: 182.09485pt x 182.09268pt.

<FINAL_VERSION-corseas1.pdf, id=414, 433.62pt x 433.62pt>
File: FINAL_VERSION-corseas1.pdf Graphic file (type pdf)

<use FINAL_VERSION-corseas1.pdf>
Package pdftex.def Info: FINAL_VERSION-corseas1.pdf used on input line 751.
(pdftex.def)             Requested size: 182.09485pt x 182.09268pt.

<FINAL_VERSION-corseas2.pdf, id=415, 433.62pt x 433.62pt>
File: FINAL_VERSION-corseas2.pdf Graphic file (type pdf)

<use FINAL_VERSION-corseas2.pdf>
Package pdftex.def Info: FINAL_VERSION-corseas2.pdf used on input line 755.
(pdftex.def)             Requested size: 182.09485pt x 182.09268pt.

<FINAL_VERSION-resseas.pdf, id=416, 433.62pt x 433.62pt>
File: FINAL_VERSION-resseas.pdf Graphic file (type pdf)

<use FINAL_VERSION-resseas.pdf>
Package pdftex.def Info: FINAL_VERSION-resseas.pdf used on input line 772.
(pdftex.def)             Requested size: 182.09485pt x 182.09268pt.
 [18]
Overfull \vbox (3.95912pt too high) has occurred while \output is active []


[19 <//csrv05/public$/Elenamarlene/BestpracticeR/timeseries/FINAL_VERSION/FINAL
_VERSION-residual.pdf> <//csrv05/public$/Elenamarlene/BestpracticeR/timeseries/
FINAL_VERSION/FINAL_VERSION-residualARMA.pdf> <//csrv05/public$/Elenamarlene/Be
stpracticeR/timeseries/FINAL_VERSION/FINAL_VERSION-corseas1.pdf> <//csrv05/publ
ic$/Elenamarlene/BestpracticeR/timeseries/FINAL_VERSION/FINAL_VERSION-corseas2.
pdf> <//csrv05/public$/Elenamarlene/BestpracticeR/timeseries/FINAL_VERSION/FINA
L_VERSION-resseas.pdf>] <FINAL_VERSION-045.pdf, id=462, 433.62pt x 433.62pt>
File: FINAL_VERSION-045.pdf Graphic file (type pdf)

<use FINAL_VERSION-045.pdf>
Package pdftex.def Info: FINAL_VERSION-045.pdf used on input line 804.
(pdftex.def)             Requested size: 273.14922pt x 273.1622pt.

Underfull \hbox (badness 10000) in paragraph at lines 809--811

 []


Underfull \hbox (badness 10000) in paragraph at lines 812--813

 []

! You can't use `macro parameter character #' in vertical mode.
l.824 #
       also was done by hand in self writing seasonality removal above
Sorry, but I'm not programmed to handle this case;
I'll just pretend that you didn't ask for it.
If you're in the wrong mode, you might be able to
return to the right one by typing `I}' or `I$' or `I\par'.

[20 <//csrv05/public$/Elenamarlene/BestpracticeR/timeseries/FINAL_VERSION/FINAL
_VERSION-045.pdf>] <FINAL_VERSION-050.pdf, id=475, 433.62pt x 433.62pt>
File: FINAL_VERSION-050.pdf Graphic file (type pdf)

<use FINAL_VERSION-050.pdf>
Package pdftex.def Info: FINAL_VERSION-050.pdf used on input line 897.
(pdftex.def)             Requested size: 273.14922pt x 273.1622pt.
 [21]

! LaTeX Error: There's no line here to end.

See the LaTeX manual or LaTeX Companion for explanation.
Type  H <return>  for immediate help.
 ...                                              
                                                  
l.903 I
       n Figure 15 we were plotting our different approaches with the best A...

Your command was ignored.
Type  I <command> <return>  to replace it with another command,
or  <return>  to continue without it.


Underfull \hbox (badness 10000) in paragraph at lines 903--904

 []

<FINAL_VERSION-comparison_finalgls1.pdf, id=481, 433.62pt x 433.62pt>
File: FINAL_VERSION-comparison_finalgls1.pdf Graphic file (type pdf)

<use FINAL_VERSION-comparison_finalgls1.pdf>
Package pdftex.def Info: FINAL_VERSION-comparison_finalgls1.pdf used on input l
ine 909.
(pdftex.def)             Requested size: 204.85844pt x 204.86006pt.

<FINAL_VERSION-comparison_finalgls2.pdf, id=482, 433.62pt x 433.62pt>
File: FINAL_VERSION-comparison_finalgls2.pdf Graphic file (type pdf)

<use FINAL_VERSION-comparison_finalgls2.pdf>
Package pdftex.def Info: FINAL_VERSION-comparison_finalgls2.pdf used on input l
ine 913.
(pdftex.def)             Requested size: 182.09485pt x 182.09268pt.

<FINAL_VERSION-comparison_finalgls3.pdf, id=483, 433.62pt x 433.62pt>
File: FINAL_VERSION-comparison_finalgls3.pdf Graphic file (type pdf)

<use FINAL_VERSION-comparison_finalgls3.pdf>
Package pdftex.def Info: FINAL_VERSION-comparison_finalgls3.pdf used on input l
ine 917.
(pdftex.def)             Requested size: 182.09485pt x 182.09268pt.

<FINAL_VERSION-finalgls_norm.pdf, id=484, 433.62pt x 433.62pt>
File: FINAL_VERSION-finalgls_norm.pdf Graphic file (type pdf)

<use FINAL_VERSION-finalgls_norm.pdf>
Package pdftex.def Info: FINAL_VERSION-finalgls_norm.pdf used on input line 940
.
(pdftex.def)             Requested size: 227.62204pt x 227.62082pt.
 [22 <//csrv05/public$/Elenamarlene/BestpracticeR/timeseries/FINAL_VERSION/FINA
L_VERSION-050.pdf>]
Overfull \vbox (21.25464pt too high) has occurred while \output is active []


[23 <//csrv05/public$/Elenamarlene/BestpracticeR/timeseries/FINAL_VERSION/FINAL
_VERSION-comparison_finalgls1.pdf> <//csrv05/public$/Elenamarlene/BestpracticeR
/timeseries/FINAL_VERSION/FINAL_VERSION-comparison_finalgls2.pdf> <//csrv05/pub
lic$/Elenamarlene/BestpracticeR/timeseries/FINAL_VERSION/FINAL_VERSION-comparis
on_finalgls3.pdf> <//csrv05/public$/Elenamarlene/BestpracticeR/timeseries/FINAL
_VERSION/FINAL_VERSION-finalgls_norm.pdf>]

! LaTeX Error: There's no line here to end.

See the LaTeX manual or LaTeX Companion for explanation.
Type  H <return>  for immediate help.
 ...                                              
                                                  
l.947 #
       bestmodel with smallest AIC: \\
Your command was ignored.
Type  I <command> <return>  to replace it with another command,
or  <return>  to continue without it.

! You can't use `macro parameter character #' in vertical mode.
<recently read> ##
                  
l.947 #
       bestmodel with smallest AIC: \\
Sorry, but I'm not programmed to handle this case;
I'll just pretend that you didn't ask for it.
If you're in the wrong mode, you might be able to
return to the right one by typing `I}' or `I$' or `I\par'.


Underfull \hbox (badness 10000) in paragraph at lines 947--949

 []


! LaTeX Error: There's no line here to end.

See the LaTeX manual or LaTeX Companion for explanation.
Type  H <return>  for immediate help.
 ...                                              
                                                  
l.962 
      
Your command was ignored.
Type  I <command> <return>  to replace it with another command,
or  <return>  to continue without it.


! LaTeX Error: There's no line here to end.

See the LaTeX manual or LaTeX Companion for explanation.
Type  H <return>  for immediate help.
 ...                                              
                                                  
l.978 
      
Your command was ignored.
Type  I <command> <return>  to replace it with another command,
or  <return>  to continue without it.


Underfull \hbox (badness 10000) in paragraph at lines 985--989

 []

! Missing $ inserted.
<inserted text> 
                $
l.1003 sigma^
             2 estimated as 0.08927:  log likelihood=-149.46
I've inserted a begin-math/end-math symbol since I think
you left one out. Proceed, with fingers crossed.

! Missing $ inserted.
<inserted text> 
                $
l.1004 ...2   AICc=313.09   BIC=344.44\end{Schunk}
                                                  
I've inserted something that you may have forgotten.
(See the <inserted text> above.)
With luck, this will get me unwedged. But if you
really didn't forget anything, try typing `2' now; then
my insertion and my current dilemma will both disappear.

<FINAL_VERSION-fittedarima.pdf, id=525, 433.62pt x 433.62pt>
File: FINAL_VERSION-fittedarima.pdf Graphic file (type pdf)

<use FINAL_VERSION-fittedarima.pdf>
Package pdftex.def Info: FINAL_VERSION-fittedarima.pdf used on input line 1017.

(pdftex.def)             Requested size: 273.14922pt x 273.1622pt.
 [24]
<FINAL_VERSION-arimaACF.pdf, id=533, 433.62pt x 433.62pt>
File: FINAL_VERSION-arimaACF.pdf Graphic file (type pdf)

<use FINAL_VERSION-arimaACF.pdf>
Package pdftex.def Info: FINAL_VERSION-arimaACF.pdf used on input line 1036.
(pdftex.def)             Requested size: 136.5746pt x 136.57117pt.

<FINAL_VERSION-arimaPACF.pdf, id=534, 433.62pt x 433.62pt>
File: FINAL_VERSION-arimaPACF.pdf Graphic file (type pdf)

<use FINAL_VERSION-arimaPACF.pdf>
Package pdftex.def Info: FINAL_VERSION-arimaPACF.pdf used on input line 1040.
(pdftex.def)             Requested size: 136.5746pt x 136.57117pt.

<FINAL_VERSION-arimaspec.pdf, id=535, 433.62pt x 433.62pt>
File: FINAL_VERSION-arimaspec.pdf Graphic file (type pdf)

<use FINAL_VERSION-arimaspec.pdf>
Package pdftex.def Info: FINAL_VERSION-arimaspec.pdf used on input line 1044.
(pdftex.def)             Requested size: 136.5746pt x 136.57117pt.

<FINAL_VERSION-qqarima.pdf, id=536, 433.62pt x 433.62pt>
File: FINAL_VERSION-qqarima.pdf Graphic file (type pdf)

<use FINAL_VERSION-qqarima.pdf>
Package pdftex.def Info: FINAL_VERSION-qqarima.pdf used on input line 1054.
(pdftex.def)             Requested size: 227.62204pt x 227.62082pt.
 [25 <//csrv05/public$/Elenamarlene/BestpracticeR/timeseries/FINAL_VERSION/FINA
L_VERSION-fittedarima.pdf>] [26 <//csrv05/public$/Elenamarlene/BestpracticeR/ti
meseries/FINAL_VERSION/FINAL_VERSION-arimaACF.pdf> <//csrv05/public$/Elenamarle
ne/BestpracticeR/timeseries/FINAL_VERSION/FINAL_VERSION-arimaPACF.pdf> <//csrv0
5/public$/Elenamarlene/BestpracticeR/timeseries/FINAL_VERSION/FINAL_VERSION-ari
maspec.pdf> <//csrv05/public$/Elenamarlene/BestpracticeR/timeseries/FINAL_VERSI
ON/FINAL_VERSION-qqarima.pdf>]
Underfull \hbox (badness 10000) in paragraph at lines 1078--1079

 []

<FINAL_VERSION-067.pdf, id=581, 433.62pt x 433.62pt>
File: FINAL_VERSION-067.pdf Graphic file (type pdf)

<use FINAL_VERSION-067.pdf>
Package pdftex.def Info: FINAL_VERSION-067.pdf used on input line 1130.
(pdftex.def)             Requested size: 273.14922pt x 273.1622pt.
 [27]
Underfull \hbox (badness 10000) in paragraph at lines 1134--1135

 []


Underfull \hbox (badness 10000) in paragraph at lines 1136--1138

 []

<FINAL_VERSION-070.pdf, id=589, 433.62pt x 433.62pt>
File: FINAL_VERSION-070.pdf Graphic file (type pdf)

<use FINAL_VERSION-070.pdf>
Package pdftex.def Info: FINAL_VERSION-070.pdf used on input line 1159.
(pdftex.def)             Requested size: 273.14922pt x 273.1622pt.
 [28 <//csrv05/public$/Elenamarlene/BestpracticeR/timeseries/FINAL_VERSION/FINA
L_VERSION-067.pdf>]
<FINAL_VERSION-forecasthwerr.pdf, id=600, 433.62pt x 433.62pt>
File: FINAL_VERSION-forecasthwerr.pdf Graphic file (type pdf)

<use FINAL_VERSION-forecasthwerr.pdf>
Package pdftex.def Info: FINAL_VERSION-forecasthwerr.pdf used on input line 117
9.
(pdftex.def)             Requested size: 136.5746pt x 136.57117pt.

<FINAL_VERSION-arimaforerr.pdf, id=601, 433.62pt x 433.62pt>
File: FINAL_VERSION-arimaforerr.pdf Graphic file (type pdf)

<use FINAL_VERSION-arimaforerr.pdf>
Package pdftex.def Info: FINAL_VERSION-arimaforerr.pdf used on input line 1183.

(pdftex.def)             Requested size: 136.5746pt x 136.57117pt.

Underfull \hbox (badness 10000) in paragraph at lines 1189--1190

 []


Underfull \hbox (badness 10000) in paragraph at lines 1191--1217

 []


Underfull \hbox (badness 10000) in paragraph at lines 1191--1217

 []

[29 <//csrv05/public$/Elenamarlene/BestpracticeR/timeseries/FINAL_VERSION/FINAL
_VERSION-070.pdf> <//csrv05/public$/Elenamarlene/BestpracticeR/timeseries/FINAL
_VERSION/FINAL_VERSION-forecasthwerr.pdf> <//csrv05/public$/Elenamarlene/Bestpr
acticeR/timeseries/FINAL_VERSION/FINAL_VERSION-arimaforerr.pdf>]
<FINAL_VERSION-075.pdf, id=627, 433.62pt x 433.62pt>
File: FINAL_VERSION-075.pdf Graphic file (type pdf)

<use FINAL_VERSION-075.pdf>
Package pdftex.def Info: FINAL_VERSION-075.pdf used on input line 1229.
(pdftex.def)             Requested size: 273.14922pt x 273.1622pt.

<FINAL_VERSION-076.pdf, id=628, 433.62pt x 433.62pt>
File: FINAL_VERSION-076.pdf Graphic file (type pdf)

<use FINAL_VERSION-076.pdf>
Package pdftex.def Info: FINAL_VERSION-076.pdf used on input line 1252.
(pdftex.def)             Requested size: 273.14922pt x 273.1622pt.
 [30 <//csrv05/public$/Elenamarlene/BestpracticeR/timeseries/FINAL_VERSION/FINA
L_VERSION-076.pdf>]
<FINAL_VERSION-078.pdf, id=642, 433.62pt x 433.62pt>
File: FINAL_VERSION-078.pdf Graphic file (type pdf)

<use FINAL_VERSION-078.pdf>
Package pdftex.def Info: FINAL_VERSION-078.pdf used on input line 1273.
(pdftex.def)             Requested size: 273.14922pt x 273.1622pt.
 [31 <//csrv05/public$/Elenamarlene/BestpracticeR/timeseries/FINAL_VERSION/FINA
L_VERSION-075.pdf>]
<FINAL_VERSION-080.pdf, id=655, 433.62pt x 433.62pt>
File: FINAL_VERSION-080.pdf Graphic file (type pdf)

<use FINAL_VERSION-080.pdf>
Package pdftex.def Info: FINAL_VERSION-080.pdf used on input line 1296.
(pdftex.def)             Requested size: 273.14922pt x 273.1622pt.
 [32 <//csrv05/public$/Elenamarlene/BestpracticeR/timeseries/FINAL_VERSION/FINA
L_VERSION-078.pdf>]
Underfull \hbox (badness 10000) in paragraph at lines 1302--1305

 []

<FINAL_VERSION-081.pdf, id=665, 433.62pt x 433.62pt>
File: FINAL_VERSION-081.pdf Graphic file (type pdf)

<use FINAL_VERSION-081.pdf>
Package pdftex.def Info: FINAL_VERSION-081.pdf used on input line 1313.
(pdftex.def)             Requested size: 273.14922pt x 273.1622pt.


LaTeX Warning: `!h' float specifier changed to `!ht'.

<FINAL_VERSION-083.pdf, id=666, 433.62pt x 433.62pt>
File: FINAL_VERSION-083.pdf Graphic file (type pdf)

<use FINAL_VERSION-083.pdf>
Package pdftex.def Info: FINAL_VERSION-083.pdf used on input line 1337.
(pdftex.def)             Requested size: 273.14922pt x 273.1622pt.
 [33 <//csrv05/public$/Elenamarlene/BestpracticeR/timeseries/FINAL_VERSION/FINA
L_VERSION-080.pdf>] [34 <//csrv05/public$/Elenamarlene/BestpracticeR/timeseries
/FINAL_VERSION/FINAL_VERSION-081.pdf> <//csrv05/public$/Elenamarlene/Bestpracti
ceR/timeseries/FINAL_VERSION/FINAL_VERSION-083.pdf>]
Underfull \hbox (badness 10000) in paragraph at lines 1341--1345

 []


! LaTeX Error: There's no line here to end.

See the LaTeX manual or LaTeX Companion for explanation.
Type  H <return>  for immediate help.
 ...                                              
                                                  
l.1368 \\
         
Your command was ignored.
Type  I <command> <return>  to replace it with another command,
or  <return>  to continue without it.


! LaTeX Error: There's no line here to end.

See the LaTeX manual or LaTeX Companion for explanation.
Type  H <return>  for immediate help.
 ...                                              
                                                  
l.1369 \\
         
Your command was ignored.
Type  I <command> <return>  to replace it with another command,
or  <return>  to continue without it.


! LaTeX Error: There's no line here to end.

See the LaTeX manual or LaTeX Companion for explanation.
Type  H <return>  for immediate help.
 ...                                              
                                                  
l.1370 T
        he data is not stationary, we can conclude that the SMA-function was...

Your command was ignored.
Type  I <command> <return>  to replace it with another command,
or  <return>  to continue without it.


Underfull \hbox (badness 10000) in paragraph at lines 1370--1374

 []


Underfull \hbox (badness 10000) in paragraph at lines 1370--1374

 []

LaTeX Font Info:    Try loading font information for TS1+aett on input line 139
2.
(C:/PROGRA~1/R/R-31~1.1/share/texmf/tex/latex\ts1aett.fd
File: ts1aett.fd 
)
LaTeX Font Info:    Try loading font information for TS1+cmtt on input line 139
2.

("C:\Program Files\MiKTeX 2.9\tex\latex\base\ts1cmtt.fd"
File: ts1cmtt.fd 1999/05/25 v2.5h Standard LaTeX font definitions
)
LaTeX Font Info:    Font shape `TS1/aett/m/n' in size <10> not available
(Font)              Font shape `TS1/cmtt/m/n' tried instead on input line 1392.


<FINAL_VERSION-086.pdf, id=694, 433.62pt x 433.62pt>
File: FINAL_VERSION-086.pdf Graphic file (type pdf)

<use FINAL_VERSION-086.pdf>
Package pdftex.def Info: FINAL_VERSION-086.pdf used on input line 1417.
(pdftex.def)             Requested size: 273.14922pt x 273.1622pt.
 [35]
Underfull \hbox (badness 10000) in paragraph at lines 1421--1423

 []

[36 <//csrv05/public$/Elenamarlene/BestpracticeR/timeseries/FINAL_VERSION/FINAL
_VERSION-086.pdf>]
(\\csrv05\public$\Elenamarlene\BestpracticeR\timeseries\FINAL_VERSION\FINAL_VER
SION-090.tex) <FINAL_VERSION-090.pdf, id=711, 433.62pt x 433.62pt>
File: FINAL_VERSION-090.pdf Graphic file (type pdf)

<use FINAL_VERSION-090.pdf>
Package pdftex.def Info: FINAL_VERSION-090.pdf used on input line 1481.
(pdftex.def)             Requested size: 273.14922pt x 273.1622pt.

<FINAL_VERSION-091.pdf, id=712, 433.62pt x 433.62pt>
File: FINAL_VERSION-091.pdf Graphic file (type pdf)

<use FINAL_VERSION-091.pdf>
Package pdftex.def Info: FINAL_VERSION-091.pdf used on input line 1492.
(pdftex.def)             Requested size: 273.14922pt x 273.1622pt.


LaTeX Warning: `h' float specifier changed to `ht'.


Underfull \hbox (badness 10000) in paragraph at lines 1496--1499

 []


Underfull \hbox (badness 10000) in paragraph at lines 1496--1499

 []


! LaTeX Error: There's no line here to end.

See the LaTeX manual or LaTeX Companion for explanation.
Type  H <return>  for immediate help.
 ...                                              
                                                  
l.1510 \noindent
                 The null hypothesis is rejected, the residuals are not inde...

Your command was ignored.
Type  I <command> <return>  to replace it with another command,
or  <return>  to continue without it.

<FINAL_VERSION-093.pdf, id=713, 433.62pt x 433.62pt>
File: FINAL_VERSION-093.pdf Graphic file (type pdf)

<use FINAL_VERSION-093.pdf>
Package pdftex.def Info: FINAL_VERSION-093.pdf used on input line 1547.
(pdftex.def)             Requested size: 273.14922pt x 273.1622pt.
 [37 <//csrv05/public$/Elenamarlene/BestpracticeR/timeseries/FINAL_VERSION/FINA
L_VERSION-090.pdf>] [38 <//csrv05/public$/Elenamarlene/BestpracticeR/timeseries
/FINAL_VERSION/FINAL_VERSION-091.pdf>]
<FINAL_VERSION-094.pdf, id=737, 433.62pt x 433.62pt>
File: FINAL_VERSION-094.pdf Graphic file (type pdf)

<use FINAL_VERSION-094.pdf>
Package pdftex.def Info: FINAL_VERSION-094.pdf used on input line 1560.
(pdftex.def)             Requested size: 273.14922pt x 273.1622pt.
 [39 <//csrv05/public$/Elenamarlene/BestpracticeR/timeseries/FINAL_VERSION/FINA
L_VERSION-093.pdf>]
Underfull \hbox (badness 10000) in paragraph at lines 1583--1584

 []

<FINAL_VERSION-096.pdf, id=749, 433.62pt x 433.62pt>
File: FINAL_VERSION-096.pdf Graphic file (type pdf)

<use FINAL_VERSION-096.pdf>
Package pdftex.def Info: FINAL_VERSION-096.pdf used on input line 1597.
(pdftex.def)             Requested size: 273.14922pt x 273.1622pt.
 [40 <//csrv05/public$/Elenamarlene/BestpracticeR/timeseries/FINAL_VERSION/FINA
L_VERSION-094.pdf>]
<FINAL_VERSION-097.pdf, id=761, 433.62pt x 433.62pt>
File: FINAL_VERSION-097.pdf Graphic file (type pdf)

<use FINAL_VERSION-097.pdf>
Package pdftex.def Info: FINAL_VERSION-097.pdf used on input line 1616.
(pdftex.def)             Requested size: 273.14922pt x 273.1622pt.
 [41 <//csrv05/public$/Elenamarlene/BestpracticeR/timeseries/FINAL_VERSION/FINA
L_VERSION-096.pdf>]
<FINAL_VERSION-098.pdf, id=773, 433.62pt x 433.62pt>
File: FINAL_VERSION-098.pdf Graphic file (type pdf)

<use FINAL_VERSION-098.pdf>
Package pdftex.def Info: FINAL_VERSION-098.pdf used on input line 1635.
(pdftex.def)             Requested size: 273.14922pt x 273.1622pt.
 [42 <//csrv05/public$/Elenamarlene/BestpracticeR/timeseries/FINAL_VERSION/FINA
L_VERSION-097.pdf>]
<FINAL_VERSION-099.pdf, id=785, 433.62pt x 433.62pt>
File: FINAL_VERSION-099.pdf Graphic file (type pdf)

<use FINAL_VERSION-099.pdf>
Package pdftex.def Info: FINAL_VERSION-099.pdf used on input line 1649.
(pdftex.def)             Requested size: 273.14922pt x 273.1622pt.
 [43 <//csrv05/public$/Elenamarlene/BestpracticeR/timeseries/FINAL_VERSION/FINA
L_VERSION-098.pdf>]
<FINAL_VERSION-102.pdf, id=798, 433.62pt x 433.62pt>
File: FINAL_VERSION-102.pdf Graphic file (type pdf)

<use FINAL_VERSION-102.pdf>
Package pdftex.def Info: FINAL_VERSION-102.pdf used on input line 1709.
(pdftex.def)             Requested size: 273.14922pt x 273.1622pt.
 [44 <//csrv05/public$/Elenamarlene/BestpracticeR/timeseries/FINAL_VERSION/FINA
L_VERSION-099.pdf>]
<FINAL_VERSION-103.pdf, id=810, 433.62pt x 433.62pt>
File: FINAL_VERSION-103.pdf Graphic file (type pdf)

<use FINAL_VERSION-103.pdf>
Package pdftex.def Info: FINAL_VERSION-103.pdf used on input line 1723.
(pdftex.def)             Requested size: 273.14922pt x 273.1622pt.
 [45 <//csrv05/public$/Elenamarlene/BestpracticeR/timeseries/FINAL_VERSION/FINA
L_VERSION-102.pdf>]
<FINAL_VERSION-forecasted_values.pdf, id=821, 433.62pt x 433.62pt>
File: FINAL_VERSION-forecasted_values.pdf Graphic file (type pdf)

<use FINAL_VERSION-forecasted_values.pdf>
Package pdftex.def Info: FINAL_VERSION-forecasted_values.pdf used on input line
 1736.
(pdftex.def)             Requested size: 273.14922pt x 273.1622pt.
 [46 <//csrv05/public$/Elenamarlene/BestpracticeR/timeseries/FINAL_VERSION/FINA
L_VERSION-103.pdf> <//csrv05/public$/Elenamarlene/BestpracticeR/timeseries/FINA
L_VERSION/FINAL_VERSION-forecasted_values.pdf>] <FINAL_VERSION-105.pdf, id=840,
 433.62pt x 433.62pt>
File: FINAL_VERSION-105.pdf Graphic file (type pdf)

<use FINAL_VERSION-105.pdf>
Package pdftex.def Info: FINAL_VERSION-105.pdf used on input line 1762.
(pdftex.def)             Requested size: 273.14922pt x 273.1622pt.

<FINAL_VERSION-106.pdf, id=841, 433.62pt x 433.62pt>
File: FINAL_VERSION-106.pdf Graphic file (type pdf)

<use FINAL_VERSION-106.pdf>
Package pdftex.def Info: FINAL_VERSION-106.pdf used on input line 1778.
(pdftex.def)             Requested size: 273.14922pt x 273.1622pt.
 [47 <//csrv05/public$/Elenamarlene/BestpracticeR/timeseries/FINAL_VERSION/FINA
L_VERSION-105.pdf>] [48 <//csrv05/public$/Elenamarlene/BestpracticeR/timeseries
/FINAL_VERSION/FINAL_VERSION-106.pdf>]
Underfull \hbox (badness 10000) in paragraph at lines 1820--1821

 []


Underfull \hbox (badness 10000) in paragraph at lines 1822--1823

 []


Underfull \hbox (badness 10000) in paragraph at lines 1824--1835

 []


Underfull \hbox (badness 10000) in paragraph at lines 1824--1835

 []


Underfull \hbox (badness 10000) in paragraph at lines 1824--1835

 []


Underfull \hbox (badness 10000) in paragraph at lines 1824--1835

 []

Package atveryend Info: Empty hook `BeforeClearDocument' on input line 1839.
[49]
Package atveryend Info: Empty hook `AfterLastShipout' on input line 1839.

(\\csrv05\public$\Elenamarlene\BestpracticeR\timeseries\FINAL_VERSION\FINAL_VER
SION.aux)
Package atveryend Info: Executing hook `AtVeryEndDocument' on input line 1839.
Package atveryend Info: Executing hook `AtEndAfterFileList' on input line 1839.

Package rerunfilecheck Info: File `FINAL_VERSION.out' has not changed.
(rerunfilecheck)             Checksum: E6BFD3707A94F551ED22B3143B0754AD;2925.
 ) 
Here is how much of TeX's memory you used:
 9722 strings out of 493921
 150623 string characters out of 3147266
 233175 words of memory out of 3000000
 12594 multiletter control sequences out of 15000+200000
 38933 words of font info for 97 fonts, out of 3000000 for 9000
 841 hyphenation exceptions out of 8191
 36i,9n,47p,919b,503s stack positions out of 5000i,500n,10000p,200000b,50000s
 <C:\Users\en.student\AppData\Local\MiKTeX\2.9\fonts\pk\ljfour\jknappen\ec\dp
i600\tctt1000.pk> <C:\Users\en.student\AppData\Local\MiKTeX\2.9\fonts\pk\ljfour
\jknappen\ec\dpi600\tcrm1000.pk><C:/Program Files/MiKTeX 2.9/fonts/type1/public
/amsfonts/cm/cmbx10.pfb><C:/Program Files/MiKTeX 2.9/fonts/type1/public/amsfont
s/cm/cmbx12.pfb><C:/Program Files/MiKTeX 2.9/fonts/type1/public/amsfonts/cm/cmm
i10.pfb><C:/Program Files/MiKTeX 2.9/fonts/type1/public/amsfonts/cm/cmr10.pfb><
C:/Program Files/MiKTeX 2.9/fonts/type1/public/amsfonts/cm/cmr12.pfb><C:/Progra
m Files/MiKTeX 2.9/fonts/type1/public/amsfonts/cm/cmr17.pfb><C:/Program Files/M
iKTeX 2.9/fonts/type1/public/amsfonts/cm/cmr8.pfb><C:/Program Files/MiKTeX 2.9/
fonts/type1/public/amsfonts/cm/cmsltt10.pfb><C:/Program Files/MiKTeX 2.9/fonts/
type1/public/amsfonts/cm/cmti10.pfb><C:/Program Files/MiKTeX 2.9/fonts/type1/pu
blic/amsfonts/cm/cmtt10.pfb><C:/Program Files/MiKTeX 2.9/fonts/type1/public/ams
fonts/euler/eufm10.pfb><C:/Program Files/MiKTeX 2.9/fonts/type1/public/amsfonts
/euler/eurm10.pfb><C:/Program Files/MiKTeX 2.9/fonts/type1/public/amsfonts/eule
r/eurm7.pfb><C:/Program Files/MiKTeX 2.9/fonts/type1/public/amsfonts/euler/eusm
10.pfb>
Output written on FINAL_VERSION.pdf (49 pages, 1075118 bytes).
PDF statistics:
 959 PDF objects out of 1000 (max. 8388607)
 167 named destinations out of 1000 (max. 500000)
 600 words of extra memory for PDF output out of 10000 (max. 10000000)

